ERROR - 2024-03-26 01:56:13 --> Error connecting to the database: mysqli_sql_exception: No connection could be made because the target machine actively refused it in C:\Users\ECD-TYRONE\OneDrive\Documents\laravel\collab\baranggay\vendor\codeigniter4\framework\system\Database\MySQLi\Connection.php:184
Stack trace:
#0 C:\Users\ECD-TYRONE\OneDrive\Documents\laravel\collab\baranggay\vendor\codeigniter4\framework\system\Database\MySQLi\Connection.php(184): mysqli->real_connect('localhost', 'root', Object(SensitiveParameterValue), 'baranggay', 3306, '', 0)
#1 C:\Users\ECD-TYRONE\OneDrive\Documents\laravel\collab\baranggay\vendor\codeigniter4\framework\system\Database\BaseConnection.php(392): CodeIgniter\Database\MySQLi\Connection->connect(false)
#2 C:\Users\ECD-TYRONE\OneDrive\Documents\laravel\collab\baranggay\vendor\codeigniter4\framework\system\Database\BaseConnection.php(575): CodeIgniter\Database\BaseConnection->initialize()
#3 C:\Users\ECD-TYRONE\OneDrive\Documents\laravel\collab\baranggay\vendor\codeigniter4\framework\system\Database\BaseBuilder.php(1616): CodeIgniter\Database\BaseConnection->query('SELECT *\nFROM `...', Array, false)
#4 C:\Users\ECD-TYRONE\OneDrive\Documents\laravel\collab\baranggay\vendor\codeigniter4\framework\system\Model.php(872): CodeIgniter\Database\BaseBuilder->get()
#5 C:\Users\ECD-TYRONE\OneDrive\Documents\laravel\collab\baranggay\app\Controllers\MemberControll.php(46): CodeIgniter\Model->__call('get', Array)
#6 C:\Users\ECD-TYRONE\OneDrive\Documents\laravel\collab\baranggay\vendor\codeigniter4\framework\system\CodeIgniter.php(941): App\Controllers\MemberControll->showMembers()
#7 C:\Users\ECD-TYRONE\OneDrive\Documents\laravel\collab\baranggay\vendor\codeigniter4\framework\system\CodeIgniter.php(502): CodeIgniter\CodeIgniter->runController(Object(App\Controllers\MemberControll))
#8 C:\Users\ECD-TYRONE\OneDrive\Documents\laravel\collab\baranggay\vendor\codeigniter4\framework\system\CodeIgniter.php(361): CodeIgniter\CodeIgniter->handleRequest(NULL, Object(Config\Cache), false)
#9 C:\Users\ECD-TYRONE\OneDrive\Documents\laravel\collab\baranggay\public\index.php(79): CodeIgniter\CodeIgniter->run()
#10 C:\Users\ECD-TYRONE\OneDrive\Documents\laravel\collab\baranggay\vendor\codeigniter4\framework\system\Commands\Server\rewrite.php(47): require_once('C:\\Users\\ECD-TY...')
#11 {main}

Next CodeIgniter\Database\Exceptions\DatabaseException: No connection could be made because the target machine actively refused it in C:\Users\ECD-TYRONE\OneDrive\Documents\laravel\collab\baranggay\vendor\codeigniter4\framework\system\Database\MySQLi\Connection.php:229
Stack trace:
#0 C:\Users\ECD-TYRONE\OneDrive\Documents\laravel\collab\baranggay\vendor\codeigniter4\framework\system\Database\BaseConnection.php(392): CodeIgniter\Database\MySQLi\Connection->connect(false)
#1 C:\Users\ECD-TYRONE\OneDrive\Documents\laravel\collab\baranggay\vendor\codeigniter4\framework\system\Database\BaseConnection.php(575): CodeIgniter\Database\BaseConnection->initialize()
#2 C:\Users\ECD-TYRONE\OneDrive\Documents\laravel\collab\baranggay\vendor\codeigniter4\framework\system\Database\BaseBuilder.php(1616): CodeIgniter\Database\BaseConnection->query('SELECT *\nFROM `...', Array, false)
#3 C:\Users\ECD-TYRONE\OneDrive\Documents\laravel\collab\baranggay\vendor\codeigniter4\framework\system\Model.php(872): CodeIgniter\Database\BaseBuilder->get()
#4 C:\Users\ECD-TYRONE\OneDrive\Documents\laravel\collab\baranggay\app\Controllers\MemberControll.php(46): CodeIgniter\Model->__call('get', Array)
#5 C:\Users\ECD-TYRONE\OneDrive\Documents\laravel\collab\baranggay\vendor\codeigniter4\framework\system\CodeIgniter.php(941): App\Controllers\MemberControll->showMembers()
#6 C:\Users\ECD-TYRONE\OneDrive\Documents\laravel\collab\baranggay\vendor\codeigniter4\framework\system\CodeIgniter.php(502): CodeIgniter\CodeIgniter->runController(Object(App\Controllers\MemberControll))
#7 C:\Users\ECD-TYRONE\OneDrive\Documents\laravel\collab\baranggay\vendor\codeigniter4\framework\system\CodeIgniter.php(361): CodeIgniter\CodeIgniter->handleRequest(NULL, Object(Config\Cache), false)
#8 C:\Users\ECD-TYRONE\OneDrive\Documents\laravel\collab\baranggay\public\index.php(79): CodeIgniter\CodeIgniter->run()
#9 C:\Users\ECD-TYRONE\OneDrive\Documents\laravel\collab\baranggay\vendor\codeigniter4\framework\system\Commands\Server\rewrite.php(47): require_once('C:\\Users\\ECD-TY...')
#10 {main}
CRITICAL - 2024-03-26 01:56:13 --> CodeIgniter\Database\Exceptions\DatabaseException: Unable to connect to the database.
Main connection [MySQLi]: No connection could be made because the target machine actively refused it
in SYSTEMPATH\Database\BaseConnection.php on line 428.
 1 SYSTEMPATH\Database\BaseConnection.php(575): CodeIgniter\Database\BaseConnection->initialize()
 2 SYSTEMPATH\Database\BaseBuilder.php(1616): CodeIgniter\Database\BaseConnection->query('SELECT *
FROM `members`
WHERE `fullname` like \'%%\'', [], false)
 3 SYSTEMPATH\Model.php(872): CodeIgniter\Database\BaseBuilder->get()
 4 APPPATH\Controllers\MemberControll.php(46): CodeIgniter\Model->__call('get', [])
 5 SYSTEMPATH\CodeIgniter.php(941): App\Controllers\MemberControll->showMembers()
 6 SYSTEMPATH\CodeIgniter.php(502): CodeIgniter\CodeIgniter->runController(Object(App\Controllers\MemberControll))
 7 SYSTEMPATH\CodeIgniter.php(361): CodeIgniter\CodeIgniter->handleRequest(null, Object(Config\Cache), false)
 8 FCPATH\index.php(79): CodeIgniter\CodeIgniter->run()
 9 SYSTEMPATH\Commands\Server\rewrite.php(47): require_once('C:\\Users\\ECD-TYRONE\\OneDrive\\Documents\\laravel\\collab\\baranggay\\public\\index.php')
ERROR - 2024-03-26 01:56:44 --> Error connecting to the database: mysqli_sql_exception: No connection could be made because the target machine actively refused it in C:\Users\ECD-TYRONE\OneDrive\Documents\laravel\collab\baranggay\vendor\codeigniter4\framework\system\Database\MySQLi\Connection.php:184
Stack trace:
#0 C:\Users\ECD-TYRONE\OneDrive\Documents\laravel\collab\baranggay\vendor\codeigniter4\framework\system\Database\MySQLi\Connection.php(184): mysqli->real_connect('localhost', 'root', Object(SensitiveParameterValue), 'baranggay', 3306, '', 0)
#1 C:\Users\ECD-TYRONE\OneDrive\Documents\laravel\collab\baranggay\vendor\codeigniter4\framework\system\Database\BaseConnection.php(392): CodeIgniter\Database\MySQLi\Connection->connect(false)
#2 C:\Users\ECD-TYRONE\OneDrive\Documents\laravel\collab\baranggay\vendor\codeigniter4\framework\system\Database\BaseConnection.php(575): CodeIgniter\Database\BaseConnection->initialize()
#3 C:\Users\ECD-TYRONE\OneDrive\Documents\laravel\collab\baranggay\vendor\codeigniter4\framework\system\Database\BaseBuilder.php(1616): CodeIgniter\Database\BaseConnection->query('SELECT *\nFROM `...', Array, false)
#4 C:\Users\ECD-TYRONE\OneDrive\Documents\laravel\collab\baranggay\vendor\codeigniter4\framework\system\Model.php(872): CodeIgniter\Database\BaseBuilder->get()
#5 C:\Users\ECD-TYRONE\OneDrive\Documents\laravel\collab\baranggay\app\Controllers\MemberControll.php(47): CodeIgniter\Model->__call('get', Array)
#6 C:\Users\ECD-TYRONE\OneDrive\Documents\laravel\collab\baranggay\vendor\codeigniter4\framework\system\CodeIgniter.php(941): App\Controllers\MemberControll->showMembers()
#7 C:\Users\ECD-TYRONE\OneDrive\Documents\laravel\collab\baranggay\vendor\codeigniter4\framework\system\CodeIgniter.php(502): CodeIgniter\CodeIgniter->runController(Object(App\Controllers\MemberControll))
#8 C:\Users\ECD-TYRONE\OneDrive\Documents\laravel\collab\baranggay\vendor\codeigniter4\framework\system\CodeIgniter.php(361): CodeIgniter\CodeIgniter->handleRequest(NULL, Object(Config\Cache), false)
#9 C:\Users\ECD-TYRONE\OneDrive\Documents\laravel\collab\baranggay\public\index.php(79): CodeIgniter\CodeIgniter->run()
#10 C:\Users\ECD-TYRONE\OneDrive\Documents\laravel\collab\baranggay\vendor\codeigniter4\framework\system\Commands\Server\rewrite.php(47): require_once('C:\\Users\\ECD-TY...')
#11 {main}

Next CodeIgniter\Database\Exceptions\DatabaseException: No connection could be made because the target machine actively refused it in C:\Users\ECD-TYRONE\OneDrive\Documents\laravel\collab\baranggay\vendor\codeigniter4\framework\system\Database\MySQLi\Connection.php:229
Stack trace:
#0 C:\Users\ECD-TYRONE\OneDrive\Documents\laravel\collab\baranggay\vendor\codeigniter4\framework\system\Database\BaseConnection.php(392): CodeIgniter\Database\MySQLi\Connection->connect(false)
#1 C:\Users\ECD-TYRONE\OneDrive\Documents\laravel\collab\baranggay\vendor\codeigniter4\framework\system\Database\BaseConnection.php(575): CodeIgniter\Database\BaseConnection->initialize()
#2 C:\Users\ECD-TYRONE\OneDrive\Documents\laravel\collab\baranggay\vendor\codeigniter4\framework\system\Database\BaseBuilder.php(1616): CodeIgniter\Database\BaseConnection->query('SELECT *\nFROM `...', Array, false)
#3 C:\Users\ECD-TYRONE\OneDrive\Documents\laravel\collab\baranggay\vendor\codeigniter4\framework\system\Model.php(872): CodeIgniter\Database\BaseBuilder->get()
#4 C:\Users\ECD-TYRONE\OneDrive\Documents\laravel\collab\baranggay\app\Controllers\MemberControll.php(47): CodeIgniter\Model->__call('get', Array)
#5 C:\Users\ECD-TYRONE\OneDrive\Documents\laravel\collab\baranggay\vendor\codeigniter4\framework\system\CodeIgniter.php(941): App\Controllers\MemberControll->showMembers()
#6 C:\Users\ECD-TYRONE\OneDrive\Documents\laravel\collab\baranggay\vendor\codeigniter4\framework\system\CodeIgniter.php(502): CodeIgniter\CodeIgniter->runController(Object(App\Controllers\MemberControll))
#7 C:\Users\ECD-TYRONE\OneDrive\Documents\laravel\collab\baranggay\vendor\codeigniter4\framework\system\CodeIgniter.php(361): CodeIgniter\CodeIgniter->handleRequest(NULL, Object(Config\Cache), false)
#8 C:\Users\ECD-TYRONE\OneDrive\Documents\laravel\collab\baranggay\public\index.php(79): CodeIgniter\CodeIgniter->run()
#9 C:\Users\ECD-TYRONE\OneDrive\Documents\laravel\collab\baranggay\vendor\codeigniter4\framework\system\Commands\Server\rewrite.php(47): require_once('C:\\Users\\ECD-TY...')
#10 {main}
CRITICAL - 2024-03-26 04:30:56 --> ErrorException: Undefined property: Config\App::$indexPage
in SYSTEMPATH\HTTP\SiteURI.php on line 98.
 1 SYSTEMPATH\HTTP\SiteURI.php(98): CodeIgniter\Debug\Exceptions->errorHandler(2, 'Undefined property: Config\\App::$indexPage', 'C:\\Users\\ECD-TYRONE\\OneDrive\\Documents\\laravel\\collab\\baranggay\\vendor\\codeigniter4\\framework\\system\\HTTP\\SiteURI.php', 98)
 2 SYSTEMPATH\HTTP\SiteURIFactory.php(224): CodeIgniter\HTTP\SiteURI->__construct(Object(Config\App), 'test', null)
 3 SYSTEMPATH\HTTP\SiteURIFactory.php(45): CodeIgniter\HTTP\SiteURIFactory->createURIFromRoutePath('test')
 4 SYSTEMPATH\Config\Services.php(799): CodeIgniter\HTTP\SiteURIFactory->createFromGlobals()
 5 SYSTEMPATH\Config\BaseService.php(258): CodeIgniter\Config\Services::uri(null, false)
 6 SYSTEMPATH\Config\BaseService.php(199): CodeIgniter\Config\BaseService::__callStatic('uri', [...])
 7 SYSTEMPATH\Config\Services.php(792): CodeIgniter\Config\BaseService::getSharedInstance('uri', null)
 8 SYSTEMPATH\Config\BaseService.php(258): CodeIgniter\Config\Services::uri()
 9 SYSTEMPATH\Config\Services.php(566): CodeIgniter\Config\BaseService::__callStatic('uri', [])
10 SYSTEMPATH\Config\BaseService.php(258): CodeIgniter\Config\Services::incomingrequest(Object(Config\App), false)
11 SYSTEMPATH\Config\Services.php(524): CodeIgniter\Config\BaseService::__callStatic('incomingrequest', [...])
12 SYSTEMPATH\Config\BaseService.php(258): CodeIgniter\Config\Services::request(Object(Config\App), false)
13 SYSTEMPATH\Config\BaseService.php(199): CodeIgniter\Config\BaseService::__callStatic('request', [...])
14 SYSTEMPATH\Config\Services.php(559): CodeIgniter\Config\BaseService::getSharedInstance('request', Object(Config\App))
15 SYSTEMPATH\Config\BaseService.php(258): CodeIgniter\Config\Services::incomingrequest(Object(Config\App))
16 SYSTEMPATH\Config\Services.php(539): CodeIgniter\Config\BaseService::__callStatic('incomingrequest', [...])
17 SYSTEMPATH\Config\BaseService.php(258): CodeIgniter\Config\Services::createRequest(Object(Config\App))
18 SYSTEMPATH\CodeIgniter.php(655): CodeIgniter\Config\BaseService::__callStatic('createRequest', [...])
19 SYSTEMPATH\CodeIgniter.php(355): CodeIgniter\CodeIgniter->getRequestObject()
20 FCPATH\index.php(79): CodeIgniter\CodeIgniter->run()
21 SYSTEMPATH\Commands\Server\rewrite.php(47): require_once('C:\\Users\\ECD-TYRONE\\OneDrive\\Documents\\laravel\\collab\\baranggay\\public\\index.php')
CRITICAL - 2024-03-26 04:30:56 --> ErrorException: Uncaught ErrorException: Undefined property: Config\App::$indexPage in C:\Users\ECD-TYRONE\OneDrive\Documents\laravel\collab\baranggay\vendor\codeigniter4\framework\system\HTTP\SiteURI.php:98
Stack trace:
#0 C:\Users\ECD-TYRONE\OneDrive\Documents\laravel\collab\baranggay\vendor\codeigniter4\framework\system\HTTP\SiteURI.php(98): CodeIgniter\Debug\Exceptions->errorHandler(2, 'Undefined prope...', 'C:\\Users\\ECD-TY...', 98)
#1 C:\Users\ECD-TYRONE\OneDrive\Documents\laravel\collab\baranggay\vendor\codeigniter4\framework\system\HTTP\SiteURIFactory.php(224): CodeIgniter\HTTP\SiteURI->__construct(Object(Config\App), 'test', NULL)
#2 C:\Users\ECD-TYRONE\OneDrive\Documents\laravel\collab\baranggay\vendor\codeigniter4\framework\system\HTTP\SiteURIFactory.php(45): CodeIgniter\HTTP\SiteURIFactory->createURIFromRoutePath('test')
#3 C:\Users\ECD-TYRONE\OneDrive\Documents\laravel\collab\baranggay\vendor\codeigniter4\framework\system\Config\Services.php(799): CodeIgniter\HTTP\SiteURIFactory->createFromGlobals()
#4 C:\Users\ECD-TYRONE\OneDrive\Documents\laravel\collab\baranggay\vendor\codeigniter4\framework\system\Config\BaseService.php(258): CodeIgniter\Config\Services::uri(NULL, false)
#5 C:\Users\ECD-TYRONE\OneDrive\Documents\laravel\collab\baranggay\vendor\codeigniter4\framework\system\Config\BaseService.php(199): CodeIgniter\Config\BaseService::__callStatic('uri', Array)
#6 C:\Users\ECD-TYRONE\OneDrive\Documents\laravel\collab\baranggay\vendor\codeigniter4\framework\system\Config\Services.php(792): CodeIgniter\Config\BaseService::getSharedInstance('uri', NULL)
#7 C:\Users\ECD-TYRONE\OneDrive\Documents\laravel\collab\baranggay\vendor\codeigniter4\framework\system\Config\BaseService.php(258): CodeIgniter\Config\Services::uri()
#8 C:\Users\ECD-TYRONE\OneDrive\Documents\laravel\collab\baranggay\vendor\codeigniter4\framework\system\Config\Services.php(566): CodeIgniter\Config\BaseService::__callStatic('uri', Array)
#9 C:\Users\ECD-TYRONE\OneDrive\Documents\laravel\collab\baranggay\vendor\codeigniter4\framework\system\Config\BaseService.php(258): CodeIgniter\Config\Services::incomingrequest(Object(Config\App), false)
#10 C:\Users\ECD-TYRONE\OneDrive\Documents\laravel\collab\baranggay\vendor\codeigniter4\framework\system\Config\Services.php(524): CodeIgniter\Config\BaseService::__callStatic('incomingrequest', Array)
#11 C:\Users\ECD-TYRONE\OneDrive\Documents\laravel\collab\baranggay\vendor\codeigniter4\framework\system\Config\BaseService.php(258): CodeIgniter\Config\Services::request(NULL, false)
#12 C:\Users\ECD-TYRONE\OneDrive\Documents\laravel\collab\baranggay\vendor\codeigniter4\framework\system\Config\BaseService.php(199): CodeIgniter\Config\BaseService::__callStatic('request', Array)
#13 C:\Users\ECD-TYRONE\OneDrive\Documents\laravel\collab\baranggay\vendor\codeigniter4\framework\system\Config\Services.php(520): CodeIgniter\Config\BaseService::getSharedInstance('request', NULL)
#14 C:\Users\ECD-TYRONE\OneDrive\Documents\laravel\collab\baranggay\vendor\codeigniter4\framework\system\Config\BaseService.php(258): CodeIgniter\Config\Services::request()
#15 C:\Users\ECD-TYRONE\OneDrive\Documents\laravel\collab\baranggay\vendor\codeigniter4\framework\system\Debug\Exceptions.php(150): CodeIgniter\Config\BaseService::__callStatic('request', Array)
#16 [internal function]: CodeIgniter\Debug\Exceptions->exceptionHandler(Object(ErrorException))
#17 {main}
  thrown
【Previous Exception】
ErrorException
Undefined property: Config\App::$indexPage
#0 C:\Users\ECD-TYRONE\OneDrive\Documents\laravel\collab\baranggay\vendor\codeigniter4\framework\system\HTTP\SiteURI.php(98): CodeIgniter\Debug\Exceptions->errorHandler(2, 'Undefined prope...', 'C:\\Users\\ECD-TY...', 98)
#1 C:\Users\ECD-TYRONE\OneDrive\Documents\laravel\collab\baranggay\vendor\codeigniter4\framework\system\HTTP\SiteURIFactory.php(224): CodeIgniter\HTTP\SiteURI->__construct(Object(Config\App), 'test', NULL)
#2 C:\Users\ECD-TYRONE\OneDrive\Documents\laravel\collab\baranggay\vendor\codeigniter4\framework\system\HTTP\SiteURIFactory.php(45): CodeIgniter\HTTP\SiteURIFactory->createURIFromRoutePath('test')
#3 C:\Users\ECD-TYRONE\OneDrive\Documents\laravel\collab\baranggay\vendor\codeigniter4\framework\system\Config\Services.php(799): CodeIgniter\HTTP\SiteURIFactory->createFromGlobals()
#4 C:\Users\ECD-TYRONE\OneDrive\Documents\laravel\collab\baranggay\vendor\codeigniter4\framework\system\Config\BaseService.php(258): CodeIgniter\Config\Services::uri(NULL, false)
#5 C:\Users\ECD-TYRONE\OneDrive\Documents\laravel\collab\baranggay\vendor\codeigniter4\framework\system\Config\BaseService.php(199): CodeIgniter\Config\BaseService::__callStatic('uri', Array)
#6 C:\Users\ECD-TYRONE\OneDrive\Documents\laravel\collab\baranggay\vendor\codeigniter4\framework\system\Config\Services.php(792): CodeIgniter\Config\BaseService::getSharedInstance('uri', NULL)
#7 C:\Users\ECD-TYRONE\OneDrive\Documents\laravel\collab\baranggay\vendor\codeigniter4\framework\system\Config\BaseService.php(258): CodeIgniter\Config\Services::uri()
#8 C:\Users\ECD-TYRONE\OneDrive\Documents\laravel\collab\baranggay\vendor\codeigniter4\framework\system\Config\Services.php(566): CodeIgniter\Config\BaseService::__callStatic('uri', Array)
#9 C:\Users\ECD-TYRONE\OneDrive\Documents\laravel\collab\baranggay\vendor\codeigniter4\framework\system\Config\BaseService.php(258): CodeIgniter\Config\Services::incomingrequest(Object(Config\App), false)
#10 C:\Users\ECD-TYRONE\OneDrive\Documents\laravel\collab\baranggay\vendor\codeigniter4\framework\system\Config\Services.php(524): CodeIgniter\Config\BaseService::__callStatic('incomingrequest', Array)
#11 C:\Users\ECD-TYRONE\OneDrive\Documents\laravel\collab\baranggay\vendor\codeigniter4\framework\system\Config\BaseService.php(258): CodeIgniter\Config\Services::request(Object(Config\App), false)
#12 C:\Users\ECD-TYRONE\OneDrive\Documents\laravel\collab\baranggay\vendor\codeigniter4\framework\system\Config\BaseService.php(199): CodeIgniter\Config\BaseService::__callStatic('request', Array)
#13 C:\Users\ECD-TYRONE\OneDrive\Documents\laravel\collab\baranggay\vendor\codeigniter4\framework\system\Config\Services.php(559): CodeIgniter\Config\BaseService::getSharedInstance('request', Object(Config\App))
#14 C:\Users\ECD-TYRONE\OneDrive\Documents\laravel\collab\baranggay\vendor\codeigniter4\framework\system\Config\BaseService.php(258): CodeIgniter\Config\Services::incomingrequest(Object(Config\App))
#15 C:\Users\ECD-TYRONE\OneDrive\Documents\laravel\collab\baranggay\vendor\codeigniter4\framework\system\Config\Services.php(539): CodeIgniter\Config\BaseService::__callStatic('incomingrequest', Array)
#16 C:\Users\ECD-TYRONE\OneDrive\Documents\laravel\collab\baranggay\vendor\codeigniter4\framework\system\Config\BaseService.php(258): CodeIgniter\Config\Services::createRequest(Object(Config\App))
#17 C:\Users\ECD-TYRONE\OneDrive\Documents\laravel\collab\baranggay\vendor\codeigniter4\framework\system\CodeIgniter.php(655): CodeIgniter\Config\BaseService::__callStatic('createRequest', Array)
#18 C:\Users\ECD-TYRONE\OneDrive\Documents\laravel\collab\baranggay\vendor\codeigniter4\framework\system\CodeIgniter.php(355): CodeIgniter\CodeIgniter->getRequestObject()
#19 C:\Users\ECD-TYRONE\OneDrive\Documents\laravel\collab\baranggay\public\index.php(79): CodeIgniter\CodeIgniter->run()
#20 C:\Users\ECD-TYRONE\OneDrive\Documents\laravel\collab\baranggay\vendor\codeigniter4\framework\system\Commands\Server\rewrite.php(47): require_once('C:\\Users\\ECD-TY...')
#21 {main}
in SYSTEMPATH\HTTP\SiteURI.php on line 98.
 1 [internal function]: CodeIgniter\Debug\Exceptions->shutdownHandler()
CRITICAL - 2024-03-26 04:30:57 --> ErrorException: Undefined property: Config\App::$indexPage
in SYSTEMPATH\HTTP\SiteURI.php on line 98.
 1 SYSTEMPATH\HTTP\SiteURI.php(98): CodeIgniter\Debug\Exceptions->errorHandler(2, 'Undefined property: Config\\App::$indexPage', 'C:\\Users\\ECD-TYRONE\\OneDrive\\Documents\\laravel\\collab\\baranggay\\vendor\\codeigniter4\\framework\\system\\HTTP\\SiteURI.php', 98)
 2 SYSTEMPATH\HTTP\SiteURIFactory.php(224): CodeIgniter\HTTP\SiteURI->__construct(Object(Config\App), 'test', null)
 3 SYSTEMPATH\HTTP\SiteURIFactory.php(45): CodeIgniter\HTTP\SiteURIFactory->createURIFromRoutePath('test')
 4 SYSTEMPATH\Config\Services.php(799): CodeIgniter\HTTP\SiteURIFactory->createFromGlobals()
 5 SYSTEMPATH\Config\BaseService.php(258): CodeIgniter\Config\Services::uri(null, false)
 6 SYSTEMPATH\Config\BaseService.php(199): CodeIgniter\Config\BaseService::__callStatic('uri', [...])
 7 SYSTEMPATH\Config\Services.php(792): CodeIgniter\Config\BaseService::getSharedInstance('uri', null)
 8 SYSTEMPATH\Config\BaseService.php(258): CodeIgniter\Config\Services::uri()
 9 SYSTEMPATH\Config\Services.php(566): CodeIgniter\Config\BaseService::__callStatic('uri', [])
10 SYSTEMPATH\Config\BaseService.php(258): CodeIgniter\Config\Services::incomingrequest(Object(Config\App), false)
11 SYSTEMPATH\Config\Services.php(524): CodeIgniter\Config\BaseService::__callStatic('incomingrequest', [...])
12 SYSTEMPATH\Config\BaseService.php(258): CodeIgniter\Config\Services::request(Object(Config\App), false)
13 SYSTEMPATH\Config\BaseService.php(199): CodeIgniter\Config\BaseService::__callStatic('request', [...])
14 SYSTEMPATH\Config\Services.php(559): CodeIgniter\Config\BaseService::getSharedInstance('request', Object(Config\App))
15 SYSTEMPATH\Config\BaseService.php(258): CodeIgniter\Config\Services::incomingrequest(Object(Config\App))
16 SYSTEMPATH\Config\Services.php(539): CodeIgniter\Config\BaseService::__callStatic('incomingrequest', [...])
17 SYSTEMPATH\Config\BaseService.php(258): CodeIgniter\Config\Services::createRequest(Object(Config\App))
18 SYSTEMPATH\CodeIgniter.php(655): CodeIgniter\Config\BaseService::__callStatic('createRequest', [...])
19 SYSTEMPATH\CodeIgniter.php(355): CodeIgniter\CodeIgniter->getRequestObject()
20 FCPATH\index.php(79): CodeIgniter\CodeIgniter->run()
21 SYSTEMPATH\Commands\Server\rewrite.php(47): require_once('C:\\Users\\ECD-TYRONE\\OneDrive\\Documents\\laravel\\collab\\baranggay\\public\\index.php')
CRITICAL - 2024-03-26 04:30:57 --> ErrorException: Uncaught ErrorException: Undefined property: Config\App::$indexPage in C:\Users\ECD-TYRONE\OneDrive\Documents\laravel\collab\baranggay\vendor\codeigniter4\framework\system\HTTP\SiteURI.php:98
Stack trace:
#0 C:\Users\ECD-TYRONE\OneDrive\Documents\laravel\collab\baranggay\vendor\codeigniter4\framework\system\HTTP\SiteURI.php(98): CodeIgniter\Debug\Exceptions->errorHandler(2, 'Undefined prope...', 'C:\\Users\\ECD-TY...', 98)
#1 C:\Users\ECD-TYRONE\OneDrive\Documents\laravel\collab\baranggay\vendor\codeigniter4\framework\system\HTTP\SiteURIFactory.php(224): CodeIgniter\HTTP\SiteURI->__construct(Object(Config\App), 'test', NULL)
#2 C:\Users\ECD-TYRONE\OneDrive\Documents\laravel\collab\baranggay\vendor\codeigniter4\framework\system\HTTP\SiteURIFactory.php(45): CodeIgniter\HTTP\SiteURIFactory->createURIFromRoutePath('test')
#3 C:\Users\ECD-TYRONE\OneDrive\Documents\laravel\collab\baranggay\vendor\codeigniter4\framework\system\Config\Services.php(799): CodeIgniter\HTTP\SiteURIFactory->createFromGlobals()
#4 C:\Users\ECD-TYRONE\OneDrive\Documents\laravel\collab\baranggay\vendor\codeigniter4\framework\system\Config\BaseService.php(258): CodeIgniter\Config\Services::uri(NULL, false)
#5 C:\Users\ECD-TYRONE\OneDrive\Documents\laravel\collab\baranggay\vendor\codeigniter4\framework\system\Config\BaseService.php(199): CodeIgniter\Config\BaseService::__callStatic('uri', Array)
#6 C:\Users\ECD-TYRONE\OneDrive\Documents\laravel\collab\baranggay\vendor\codeigniter4\framework\system\Config\Services.php(792): CodeIgniter\Config\BaseService::getSharedInstance('uri', NULL)
#7 C:\Users\ECD-TYRONE\OneDrive\Documents\laravel\collab\baranggay\vendor\codeigniter4\framework\system\Config\BaseService.php(258): CodeIgniter\Config\Services::uri()
#8 C:\Users\ECD-TYRONE\OneDrive\Documents\laravel\collab\baranggay\vendor\codeigniter4\framework\system\Config\Services.php(566): CodeIgniter\Config\BaseService::__callStatic('uri', Array)
#9 C:\Users\ECD-TYRONE\OneDrive\Documents\laravel\collab\baranggay\vendor\codeigniter4\framework\system\Config\BaseService.php(258): CodeIgniter\Config\Services::incomingrequest(Object(Config\App), false)
#10 C:\Users\ECD-TYRONE\OneDrive\Documents\laravel\collab\baranggay\vendor\codeigniter4\framework\system\Config\Services.php(524): CodeIgniter\Config\BaseService::__callStatic('incomingrequest', Array)
#11 C:\Users\ECD-TYRONE\OneDrive\Documents\laravel\collab\baranggay\vendor\codeigniter4\framework\system\Config\BaseService.php(258): CodeIgniter\Config\Services::request(NULL, false)
#12 C:\Users\ECD-TYRONE\OneDrive\Documents\laravel\collab\baranggay\vendor\codeigniter4\framework\system\Config\BaseService.php(199): CodeIgniter\Config\BaseService::__callStatic('request', Array)
#13 C:\Users\ECD-TYRONE\OneDrive\Documents\laravel\collab\baranggay\vendor\codeigniter4\framework\system\Config\Services.php(520): CodeIgniter\Config\BaseService::getSharedInstance('request', NULL)
#14 C:\Users\ECD-TYRONE\OneDrive\Documents\laravel\collab\baranggay\vendor\codeigniter4\framework\system\Config\BaseService.php(258): CodeIgniter\Config\Services::request()
#15 C:\Users\ECD-TYRONE\OneDrive\Documents\laravel\collab\baranggay\vendor\codeigniter4\framework\system\Debug\Exceptions.php(150): CodeIgniter\Config\BaseService::__callStatic('request', Array)
#16 [internal function]: CodeIgniter\Debug\Exceptions->exceptionHandler(Object(ErrorException))
#17 {main}
  thrown
【Previous Exception】
ErrorException
Undefined property: Config\App::$indexPage
#0 C:\Users\ECD-TYRONE\OneDrive\Documents\laravel\collab\baranggay\vendor\codeigniter4\framework\system\HTTP\SiteURI.php(98): CodeIgniter\Debug\Exceptions->errorHandler(2, 'Undefined prope...', 'C:\\Users\\ECD-TY...', 98)
#1 C:\Users\ECD-TYRONE\OneDrive\Documents\laravel\collab\baranggay\vendor\codeigniter4\framework\system\HTTP\SiteURIFactory.php(224): CodeIgniter\HTTP\SiteURI->__construct(Object(Config\App), 'test', NULL)
#2 C:\Users\ECD-TYRONE\OneDrive\Documents\laravel\collab\baranggay\vendor\codeigniter4\framework\system\HTTP\SiteURIFactory.php(45): CodeIgniter\HTTP\SiteURIFactory->createURIFromRoutePath('test')
#3 C:\Users\ECD-TYRONE\OneDrive\Documents\laravel\collab\baranggay\vendor\codeigniter4\framework\system\Config\Services.php(799): CodeIgniter\HTTP\SiteURIFactory->createFromGlobals()
#4 C:\Users\ECD-TYRONE\OneDrive\Documents\laravel\collab\baranggay\vendor\codeigniter4\framework\system\Config\BaseService.php(258): CodeIgniter\Config\Services::uri(NULL, false)
#5 C:\Users\ECD-TYRONE\OneDrive\Documents\laravel\collab\baranggay\vendor\codeigniter4\framework\system\Config\BaseService.php(199): CodeIgniter\Config\BaseService::__callStatic('uri', Array)
#6 C:\Users\ECD-TYRONE\OneDrive\Documents\laravel\collab\baranggay\vendor\codeigniter4\framework\system\Config\Services.php(792): CodeIgniter\Config\BaseService::getSharedInstance('uri', NULL)
#7 C:\Users\ECD-TYRONE\OneDrive\Documents\laravel\collab\baranggay\vendor\codeigniter4\framework\system\Config\BaseService.php(258): CodeIgniter\Config\Services::uri()
#8 C:\Users\ECD-TYRONE\OneDrive\Documents\laravel\collab\baranggay\vendor\codeigniter4\framework\system\Config\Services.php(566): CodeIgniter\Config\BaseService::__callStatic('uri', Array)
#9 C:\Users\ECD-TYRONE\OneDrive\Documents\laravel\collab\baranggay\vendor\codeigniter4\framework\system\Config\BaseService.php(258): CodeIgniter\Config\Services::incomingrequest(Object(Config\App), false)
#10 C:\Users\ECD-TYRONE\OneDrive\Documents\laravel\collab\baranggay\vendor\codeigniter4\framework\system\Config\Services.php(524): CodeIgniter\Config\BaseService::__callStatic('incomingrequest', Array)
#11 C:\Users\ECD-TYRONE\OneDrive\Documents\laravel\collab\baranggay\vendor\codeigniter4\framework\system\Config\BaseService.php(258): CodeIgniter\Config\Services::request(Object(Config\App), false)
#12 C:\Users\ECD-TYRONE\OneDrive\Documents\laravel\collab\baranggay\vendor\codeigniter4\framework\system\Config\BaseService.php(199): CodeIgniter\Config\BaseService::__callStatic('request', Array)
#13 C:\Users\ECD-TYRONE\OneDrive\Documents\laravel\collab\baranggay\vendor\codeigniter4\framework\system\Config\Services.php(559): CodeIgniter\Config\BaseService::getSharedInstance('request', Object(Config\App))
#14 C:\Users\ECD-TYRONE\OneDrive\Documents\laravel\collab\baranggay\vendor\codeigniter4\framework\system\Config\BaseService.php(258): CodeIgniter\Config\Services::incomingrequest(Object(Config\App))
#15 C:\Users\ECD-TYRONE\OneDrive\Documents\laravel\collab\baranggay\vendor\codeigniter4\framework\system\Config\Services.php(539): CodeIgniter\Config\BaseService::__callStatic('incomingrequest', Array)
#16 C:\Users\ECD-TYRONE\OneDrive\Documents\laravel\collab\baranggay\vendor\codeigniter4\framework\system\Config\BaseService.php(258): CodeIgniter\Config\Services::createRequest(Object(Config\App))
#17 C:\Users\ECD-TYRONE\OneDrive\Documents\laravel\collab\baranggay\vendor\codeigniter4\framework\system\CodeIgniter.php(655): CodeIgniter\Config\BaseService::__callStatic('createRequest', Array)
#18 C:\Users\ECD-TYRONE\OneDrive\Documents\laravel\collab\baranggay\vendor\codeigniter4\framework\system\CodeIgniter.php(355): CodeIgniter\CodeIgniter->getRequestObject()
#19 C:\Users\ECD-TYRONE\OneDrive\Documents\laravel\collab\baranggay\public\index.php(79): CodeIgniter\CodeIgniter->run()
#20 C:\Users\ECD-TYRONE\OneDrive\Documents\laravel\collab\baranggay\vendor\codeigniter4\framework\system\Commands\Server\rewrite.php(47): require_once('C:\\Users\\ECD-TY...')
#21 {main}
in SYSTEMPATH\HTTP\SiteURI.php on line 98.
 1 [internal function]: CodeIgniter\Debug\Exceptions->shutdownHandler()
CRITICAL - 2024-03-26 04:30:58 --> ErrorException: Undefined property: Config\App::$indexPage
in SYSTEMPATH\HTTP\SiteURI.php on line 98.
 1 SYSTEMPATH\HTTP\SiteURI.php(98): CodeIgniter\Debug\Exceptions->errorHandler(2, 'Undefined property: Config\\App::$indexPage', 'C:\\Users\\ECD-TYRONE\\OneDrive\\Documents\\laravel\\collab\\baranggay\\vendor\\codeigniter4\\framework\\system\\HTTP\\SiteURI.php', 98)
 2 SYSTEMPATH\HTTP\SiteURIFactory.php(224): CodeIgniter\HTTP\SiteURI->__construct(Object(Config\App), 'test', null)
 3 SYSTEMPATH\HTTP\SiteURIFactory.php(45): CodeIgniter\HTTP\SiteURIFactory->createURIFromRoutePath('test')
 4 SYSTEMPATH\Config\Services.php(799): CodeIgniter\HTTP\SiteURIFactory->createFromGlobals()
 5 SYSTEMPATH\Config\BaseService.php(258): CodeIgniter\Config\Services::uri(null, false)
 6 SYSTEMPATH\Config\BaseService.php(199): CodeIgniter\Config\BaseService::__callStatic('uri', [...])
 7 SYSTEMPATH\Config\Services.php(792): CodeIgniter\Config\BaseService::getSharedInstance('uri', null)
 8 SYSTEMPATH\Config\BaseService.php(258): CodeIgniter\Config\Services::uri()
 9 SYSTEMPATH\Config\Services.php(566): CodeIgniter\Config\BaseService::__callStatic('uri', [])
10 SYSTEMPATH\Config\BaseService.php(258): CodeIgniter\Config\Services::incomingrequest(Object(Config\App), false)
11 SYSTEMPATH\Config\Services.php(524): CodeIgniter\Config\BaseService::__callStatic('incomingrequest', [...])
12 SYSTEMPATH\Config\BaseService.php(258): CodeIgniter\Config\Services::request(Object(Config\App), false)
13 SYSTEMPATH\Config\BaseService.php(199): CodeIgniter\Config\BaseService::__callStatic('request', [...])
14 SYSTEMPATH\Config\Services.php(559): CodeIgniter\Config\BaseService::getSharedInstance('request', Object(Config\App))
15 SYSTEMPATH\Config\BaseService.php(258): CodeIgniter\Config\Services::incomingrequest(Object(Config\App))
16 SYSTEMPATH\Config\Services.php(539): CodeIgniter\Config\BaseService::__callStatic('incomingrequest', [...])
17 SYSTEMPATH\Config\BaseService.php(258): CodeIgniter\Config\Services::createRequest(Object(Config\App))
18 SYSTEMPATH\CodeIgniter.php(655): CodeIgniter\Config\BaseService::__callStatic('createRequest', [...])
19 SYSTEMPATH\CodeIgniter.php(355): CodeIgniter\CodeIgniter->getRequestObject()
20 FCPATH\index.php(79): CodeIgniter\CodeIgniter->run()
21 SYSTEMPATH\Commands\Server\rewrite.php(47): require_once('C:\\Users\\ECD-TYRONE\\OneDrive\\Documents\\laravel\\collab\\baranggay\\public\\index.php')
CRITICAL - 2024-03-26 04:30:58 --> ErrorException: Uncaught ErrorException: Undefined property: Config\App::$indexPage in C:\Users\ECD-TYRONE\OneDrive\Documents\laravel\collab\baranggay\vendor\codeigniter4\framework\system\HTTP\SiteURI.php:98
Stack trace:
#0 C:\Users\ECD-TYRONE\OneDrive\Documents\laravel\collab\baranggay\vendor\codeigniter4\framework\system\HTTP\SiteURI.php(98): CodeIgniter\Debug\Exceptions->errorHandler(2, 'Undefined prope...', 'C:\\Users\\ECD-TY...', 98)
#1 C:\Users\ECD-TYRONE\OneDrive\Documents\laravel\collab\baranggay\vendor\codeigniter4\framework\system\HTTP\SiteURIFactory.php(224): CodeIgniter\HTTP\SiteURI->__construct(Object(Config\App), 'test', NULL)
#2 C:\Users\ECD-TYRONE\OneDrive\Documents\laravel\collab\baranggay\vendor\codeigniter4\framework\system\HTTP\SiteURIFactory.php(45): CodeIgniter\HTTP\SiteURIFactory->createURIFromRoutePath('test')
#3 C:\Users\ECD-TYRONE\OneDrive\Documents\laravel\collab\baranggay\vendor\codeigniter4\framework\system\Config\Services.php(799): CodeIgniter\HTTP\SiteURIFactory->createFromGlobals()
#4 C:\Users\ECD-TYRONE\OneDrive\Documents\laravel\collab\baranggay\vendor\codeigniter4\framework\system\Config\BaseService.php(258): CodeIgniter\Config\Services::uri(NULL, false)
#5 C:\Users\ECD-TYRONE\OneDrive\Documents\laravel\collab\baranggay\vendor\codeigniter4\framework\system\Config\BaseService.php(199): CodeIgniter\Config\BaseService::__callStatic('uri', Array)
#6 C:\Users\ECD-TYRONE\OneDrive\Documents\laravel\collab\baranggay\vendor\codeigniter4\framework\system\Config\Services.php(792): CodeIgniter\Config\BaseService::getSharedInstance('uri', NULL)
#7 C:\Users\ECD-TYRONE\OneDrive\Documents\laravel\collab\baranggay\vendor\codeigniter4\framework\system\Config\BaseService.php(258): CodeIgniter\Config\Services::uri()
#8 C:\Users\ECD-TYRONE\OneDrive\Documents\laravel\collab\baranggay\vendor\codeigniter4\framework\system\Config\Services.php(566): CodeIgniter\Config\BaseService::__callStatic('uri', Array)
#9 C:\Users\ECD-TYRONE\OneDrive\Documents\laravel\collab\baranggay\vendor\codeigniter4\framework\system\Config\BaseService.php(258): CodeIgniter\Config\Services::incomingrequest(Object(Config\App), false)
#10 C:\Users\ECD-TYRONE\OneDrive\Documents\laravel\collab\baranggay\vendor\codeigniter4\framework\system\Config\Services.php(524): CodeIgniter\Config\BaseService::__callStatic('incomingrequest', Array)
#11 C:\Users\ECD-TYRONE\OneDrive\Documents\laravel\collab\baranggay\vendor\codeigniter4\framework\system\Config\BaseService.php(258): CodeIgniter\Config\Services::request(NULL, false)
#12 C:\Users\ECD-TYRONE\OneDrive\Documents\laravel\collab\baranggay\vendor\codeigniter4\framework\system\Config\BaseService.php(199): CodeIgniter\Config\BaseService::__callStatic('request', Array)
#13 C:\Users\ECD-TYRONE\OneDrive\Documents\laravel\collab\baranggay\vendor\codeigniter4\framework\system\Config\Services.php(520): CodeIgniter\Config\BaseService::getSharedInstance('request', NULL)
#14 C:\Users\ECD-TYRONE\OneDrive\Documents\laravel\collab\baranggay\vendor\codeigniter4\framework\system\Config\BaseService.php(258): CodeIgniter\Config\Services::request()
#15 C:\Users\ECD-TYRONE\OneDrive\Documents\laravel\collab\baranggay\vendor\codeigniter4\framework\system\Debug\Exceptions.php(150): CodeIgniter\Config\BaseService::__callStatic('request', Array)
#16 [internal function]: CodeIgniter\Debug\Exceptions->exceptionHandler(Object(ErrorException))
#17 {main}
  thrown
【Previous Exception】
ErrorException
Undefined property: Config\App::$indexPage
#0 C:\Users\ECD-TYRONE\OneDrive\Documents\laravel\collab\baranggay\vendor\codeigniter4\framework\system\HTTP\SiteURI.php(98): CodeIgniter\Debug\Exceptions->errorHandler(2, 'Undefined prope...', 'C:\\Users\\ECD-TY...', 98)
#1 C:\Users\ECD-TYRONE\OneDrive\Documents\laravel\collab\baranggay\vendor\codeigniter4\framework\system\HTTP\SiteURIFactory.php(224): CodeIgniter\HTTP\SiteURI->__construct(Object(Config\App), 'test', NULL)
#2 C:\Users\ECD-TYRONE\OneDrive\Documents\laravel\collab\baranggay\vendor\codeigniter4\framework\system\HTTP\SiteURIFactory.php(45): CodeIgniter\HTTP\SiteURIFactory->createURIFromRoutePath('test')
#3 C:\Users\ECD-TYRONE\OneDrive\Documents\laravel\collab\baranggay\vendor\codeigniter4\framework\system\Config\Services.php(799): CodeIgniter\HTTP\SiteURIFactory->createFromGlobals()
#4 C:\Users\ECD-TYRONE\OneDrive\Documents\laravel\collab\baranggay\vendor\codeigniter4\framework\system\Config\BaseService.php(258): CodeIgniter\Config\Services::uri(NULL, false)
#5 C:\Users\ECD-TYRONE\OneDrive\Documents\laravel\collab\baranggay\vendor\codeigniter4\framework\system\Config\BaseService.php(199): CodeIgniter\Config\BaseService::__callStatic('uri', Array)
#6 C:\Users\ECD-TYRONE\OneDrive\Documents\laravel\collab\baranggay\vendor\codeigniter4\framework\system\Config\Services.php(792): CodeIgniter\Config\BaseService::getSharedInstance('uri', NULL)
#7 C:\Users\ECD-TYRONE\OneDrive\Documents\laravel\collab\baranggay\vendor\codeigniter4\framework\system\Config\BaseService.php(258): CodeIgniter\Config\Services::uri()
#8 C:\Users\ECD-TYRONE\OneDrive\Documents\laravel\collab\baranggay\vendor\codeigniter4\framework\system\Config\Services.php(566): CodeIgniter\Config\BaseService::__callStatic('uri', Array)
#9 C:\Users\ECD-TYRONE\OneDrive\Documents\laravel\collab\baranggay\vendor\codeigniter4\framework\system\Config\BaseService.php(258): CodeIgniter\Config\Services::incomingrequest(Object(Config\App), false)
#10 C:\Users\ECD-TYRONE\OneDrive\Documents\laravel\collab\baranggay\vendor\codeigniter4\framework\system\Config\Services.php(524): CodeIgniter\Config\BaseService::__callStatic('incomingrequest', Array)
#11 C:\Users\ECD-TYRONE\OneDrive\Documents\laravel\collab\baranggay\vendor\codeigniter4\framework\system\Config\BaseService.php(258): CodeIgniter\Config\Services::request(Object(Config\App), false)
#12 C:\Users\ECD-TYRONE\OneDrive\Documents\laravel\collab\baranggay\vendor\codeigniter4\framework\system\Config\BaseService.php(199): CodeIgniter\Config\BaseService::__callStatic('request', Array)
#13 C:\Users\ECD-TYRONE\OneDrive\Documents\laravel\collab\baranggay\vendor\codeigniter4\framework\system\Config\Services.php(559): CodeIgniter\Config\BaseService::getSharedInstance('request', Object(Config\App))
#14 C:\Users\ECD-TYRONE\OneDrive\Documents\laravel\collab\baranggay\vendor\codeigniter4\framework\system\Config\BaseService.php(258): CodeIgniter\Config\Services::incomingrequest(Object(Config\App))
#15 C:\Users\ECD-TYRONE\OneDrive\Documents\laravel\collab\baranggay\vendor\codeigniter4\framework\system\Config\Services.php(539): CodeIgniter\Config\BaseService::__callStatic('incomingrequest', Array)
#16 C:\Users\ECD-TYRONE\OneDrive\Documents\laravel\collab\baranggay\vendor\codeigniter4\framework\system\Config\BaseService.php(258): CodeIgniter\Config\Services::createRequest(Object(Config\App))
#17 C:\Users\ECD-TYRONE\OneDrive\Documents\laravel\collab\baranggay\vendor\codeigniter4\framework\system\CodeIgniter.php(655): CodeIgniter\Config\BaseService::__callStatic('createRequest', Array)
#18 C:\Users\ECD-TYRONE\OneDrive\Documents\laravel\collab\baranggay\vendor\codeigniter4\framework\system\CodeIgniter.php(355): CodeIgniter\CodeIgniter->getRequestObject()
#19 C:\Users\ECD-TYRONE\OneDrive\Documents\laravel\collab\baranggay\public\index.php(79): CodeIgniter\CodeIgniter->run()
#20 C:\Users\ECD-TYRONE\OneDrive\Documents\laravel\collab\baranggay\vendor\codeigniter4\framework\system\Commands\Server\rewrite.php(47): require_once('C:\\Users\\ECD-TY...')
#21 {main}
in SYSTEMPATH\HTTP\SiteURI.php on line 98.
 1 [internal function]: CodeIgniter\Debug\Exceptions->shutdownHandler()
CRITICAL - 2024-03-26 04:31:00 --> ErrorException: Undefined property: Config\App::$indexPage
in SYSTEMPATH\HTTP\SiteURI.php on line 98.
 1 SYSTEMPATH\HTTP\SiteURI.php(98): CodeIgniter\Debug\Exceptions->errorHandler(2, 'Undefined property: Config\\App::$indexPage', 'C:\\Users\\ECD-TYRONE\\OneDrive\\Documents\\laravel\\collab\\baranggay\\vendor\\codeigniter4\\framework\\system\\HTTP\\SiteURI.php', 98)
 2 SYSTEMPATH\HTTP\SiteURIFactory.php(224): CodeIgniter\HTTP\SiteURI->__construct(Object(Config\App), 'test', null)
 3 SYSTEMPATH\HTTP\SiteURIFactory.php(45): CodeIgniter\HTTP\SiteURIFactory->createURIFromRoutePath('test')
 4 SYSTEMPATH\Config\Services.php(799): CodeIgniter\HTTP\SiteURIFactory->createFromGlobals()
 5 SYSTEMPATH\Config\BaseService.php(258): CodeIgniter\Config\Services::uri(null, false)
 6 SYSTEMPATH\Config\BaseService.php(199): CodeIgniter\Config\BaseService::__callStatic('uri', [...])
 7 SYSTEMPATH\Config\Services.php(792): CodeIgniter\Config\BaseService::getSharedInstance('uri', null)
 8 SYSTEMPATH\Config\BaseService.php(258): CodeIgniter\Config\Services::uri()
 9 SYSTEMPATH\Config\Services.php(566): CodeIgniter\Config\BaseService::__callStatic('uri', [])
10 SYSTEMPATH\Config\BaseService.php(258): CodeIgniter\Config\Services::incomingrequest(Object(Config\App), false)
11 SYSTEMPATH\Config\Services.php(524): CodeIgniter\Config\BaseService::__callStatic('incomingrequest', [...])
12 SYSTEMPATH\Config\BaseService.php(258): CodeIgniter\Config\Services::request(Object(Config\App), false)
13 SYSTEMPATH\Config\BaseService.php(199): CodeIgniter\Config\BaseService::__callStatic('request', [...])
14 SYSTEMPATH\Config\Services.php(559): CodeIgniter\Config\BaseService::getSharedInstance('request', Object(Config\App))
15 SYSTEMPATH\Config\BaseService.php(258): CodeIgniter\Config\Services::incomingrequest(Object(Config\App))
16 SYSTEMPATH\Config\Services.php(539): CodeIgniter\Config\BaseService::__callStatic('incomingrequest', [...])
17 SYSTEMPATH\Config\BaseService.php(258): CodeIgniter\Config\Services::createRequest(Object(Config\App))
18 SYSTEMPATH\CodeIgniter.php(655): CodeIgniter\Config\BaseService::__callStatic('createRequest', [...])
19 SYSTEMPATH\CodeIgniter.php(355): CodeIgniter\CodeIgniter->getRequestObject()
20 FCPATH\index.php(79): CodeIgniter\CodeIgniter->run()
21 SYSTEMPATH\Commands\Server\rewrite.php(47): require_once('C:\\Users\\ECD-TYRONE\\OneDrive\\Documents\\laravel\\collab\\baranggay\\public\\index.php')
CRITICAL - 2024-03-26 04:31:00 --> ErrorException: Uncaught ErrorException: Undefined property: Config\App::$indexPage in C:\Users\ECD-TYRONE\OneDrive\Documents\laravel\collab\baranggay\vendor\codeigniter4\framework\system\HTTP\SiteURI.php:98
Stack trace:
#0 C:\Users\ECD-TYRONE\OneDrive\Documents\laravel\collab\baranggay\vendor\codeigniter4\framework\system\HTTP\SiteURI.php(98): CodeIgniter\Debug\Exceptions->errorHandler(2, 'Undefined prope...', 'C:\\Users\\ECD-TY...', 98)
#1 C:\Users\ECD-TYRONE\OneDrive\Documents\laravel\collab\baranggay\vendor\codeigniter4\framework\system\HTTP\SiteURIFactory.php(224): CodeIgniter\HTTP\SiteURI->__construct(Object(Config\App), 'test', NULL)
#2 C:\Users\ECD-TYRONE\OneDrive\Documents\laravel\collab\baranggay\vendor\codeigniter4\framework\system\HTTP\SiteURIFactory.php(45): CodeIgniter\HTTP\SiteURIFactory->createURIFromRoutePath('test')
#3 C:\Users\ECD-TYRONE\OneDrive\Documents\laravel\collab\baranggay\vendor\codeigniter4\framework\system\Config\Services.php(799): CodeIgniter\HTTP\SiteURIFactory->createFromGlobals()
#4 C:\Users\ECD-TYRONE\OneDrive\Documents\laravel\collab\baranggay\vendor\codeigniter4\framework\system\Config\BaseService.php(258): CodeIgniter\Config\Services::uri(NULL, false)
#5 C:\Users\ECD-TYRONE\OneDrive\Documents\laravel\collab\baranggay\vendor\codeigniter4\framework\system\Config\BaseService.php(199): CodeIgniter\Config\BaseService::__callStatic('uri', Array)
#6 C:\Users\ECD-TYRONE\OneDrive\Documents\laravel\collab\baranggay\vendor\codeigniter4\framework\system\Config\Services.php(792): CodeIgniter\Config\BaseService::getSharedInstance('uri', NULL)
#7 C:\Users\ECD-TYRONE\OneDrive\Documents\laravel\collab\baranggay\vendor\codeigniter4\framework\system\Config\BaseService.php(258): CodeIgniter\Config\Services::uri()
#8 C:\Users\ECD-TYRONE\OneDrive\Documents\laravel\collab\baranggay\vendor\codeigniter4\framework\system\Config\Services.php(566): CodeIgniter\Config\BaseService::__callStatic('uri', Array)
#9 C:\Users\ECD-TYRONE\OneDrive\Documents\laravel\collab\baranggay\vendor\codeigniter4\framework\system\Config\BaseService.php(258): CodeIgniter\Config\Services::incomingrequest(Object(Config\App), false)
#10 C:\Users\ECD-TYRONE\OneDrive\Documents\laravel\collab\baranggay\vendor\codeigniter4\framework\system\Config\Services.php(524): CodeIgniter\Config\BaseService::__callStatic('incomingrequest', Array)
#11 C:\Users\ECD-TYRONE\OneDrive\Documents\laravel\collab\baranggay\vendor\codeigniter4\framework\system\Config\BaseService.php(258): CodeIgniter\Config\Services::request(NULL, false)
#12 C:\Users\ECD-TYRONE\OneDrive\Documents\laravel\collab\baranggay\vendor\codeigniter4\framework\system\Config\BaseService.php(199): CodeIgniter\Config\BaseService::__callStatic('request', Array)
#13 C:\Users\ECD-TYRONE\OneDrive\Documents\laravel\collab\baranggay\vendor\codeigniter4\framework\system\Config\Services.php(520): CodeIgniter\Config\BaseService::getSharedInstance('request', NULL)
#14 C:\Users\ECD-TYRONE\OneDrive\Documents\laravel\collab\baranggay\vendor\codeigniter4\framework\system\Config\BaseService.php(258): CodeIgniter\Config\Services::request()
#15 C:\Users\ECD-TYRONE\OneDrive\Documents\laravel\collab\baranggay\vendor\codeigniter4\framework\system\Debug\Exceptions.php(150): CodeIgniter\Config\BaseService::__callStatic('request', Array)
#16 [internal function]: CodeIgniter\Debug\Exceptions->exceptionHandler(Object(ErrorException))
#17 {main}
  thrown
【Previous Exception】
ErrorException
Undefined property: Config\App::$indexPage
#0 C:\Users\ECD-TYRONE\OneDrive\Documents\laravel\collab\baranggay\vendor\codeigniter4\framework\system\HTTP\SiteURI.php(98): CodeIgniter\Debug\Exceptions->errorHandler(2, 'Undefined prope...', 'C:\\Users\\ECD-TY...', 98)
#1 C:\Users\ECD-TYRONE\OneDrive\Documents\laravel\collab\baranggay\vendor\codeigniter4\framework\system\HTTP\SiteURIFactory.php(224): CodeIgniter\HTTP\SiteURI->__construct(Object(Config\App), 'test', NULL)
#2 C:\Users\ECD-TYRONE\OneDrive\Documents\laravel\collab\baranggay\vendor\codeigniter4\framework\system\HTTP\SiteURIFactory.php(45): CodeIgniter\HTTP\SiteURIFactory->createURIFromRoutePath('test')
#3 C:\Users\ECD-TYRONE\OneDrive\Documents\laravel\collab\baranggay\vendor\codeigniter4\framework\system\Config\Services.php(799): CodeIgniter\HTTP\SiteURIFactory->createFromGlobals()
#4 C:\Users\ECD-TYRONE\OneDrive\Documents\laravel\collab\baranggay\vendor\codeigniter4\framework\system\Config\BaseService.php(258): CodeIgniter\Config\Services::uri(NULL, false)
#5 C:\Users\ECD-TYRONE\OneDrive\Documents\laravel\collab\baranggay\vendor\codeigniter4\framework\system\Config\BaseService.php(199): CodeIgniter\Config\BaseService::__callStatic('uri', Array)
#6 C:\Users\ECD-TYRONE\OneDrive\Documents\laravel\collab\baranggay\vendor\codeigniter4\framework\system\Config\Services.php(792): CodeIgniter\Config\BaseService::getSharedInstance('uri', NULL)
#7 C:\Users\ECD-TYRONE\OneDrive\Documents\laravel\collab\baranggay\vendor\codeigniter4\framework\system\Config\BaseService.php(258): CodeIgniter\Config\Services::uri()
#8 C:\Users\ECD-TYRONE\OneDrive\Documents\laravel\collab\baranggay\vendor\codeigniter4\framework\system\Config\Services.php(566): CodeIgniter\Config\BaseService::__callStatic('uri', Array)
#9 C:\Users\ECD-TYRONE\OneDrive\Documents\laravel\collab\baranggay\vendor\codeigniter4\framework\system\Config\BaseService.php(258): CodeIgniter\Config\Services::incomingrequest(Object(Config\App), false)
#10 C:\Users\ECD-TYRONE\OneDrive\Documents\laravel\collab\baranggay\vendor\codeigniter4\framework\system\Config\Services.php(524): CodeIgniter\Config\BaseService::__callStatic('incomingrequest', Array)
#11 C:\Users\ECD-TYRONE\OneDrive\Documents\laravel\collab\baranggay\vendor\codeigniter4\framework\system\Config\BaseService.php(258): CodeIgniter\Config\Services::request(Object(Config\App), false)
#12 C:\Users\ECD-TYRONE\OneDrive\Documents\laravel\collab\baranggay\vendor\codeigniter4\framework\system\Config\BaseService.php(199): CodeIgniter\Config\BaseService::__callStatic('request', Array)
#13 C:\Users\ECD-TYRONE\OneDrive\Documents\laravel\collab\baranggay\vendor\codeigniter4\framework\system\Config\Services.php(559): CodeIgniter\Config\BaseService::getSharedInstance('request', Object(Config\App))
#14 C:\Users\ECD-TYRONE\OneDrive\Documents\laravel\collab\baranggay\vendor\codeigniter4\framework\system\Config\BaseService.php(258): CodeIgniter\Config\Services::incomingrequest(Object(Config\App))
#15 C:\Users\ECD-TYRONE\OneDrive\Documents\laravel\collab\baranggay\vendor\codeigniter4\framework\system\Config\Services.php(539): CodeIgniter\Config\BaseService::__callStatic('incomingrequest', Array)
#16 C:\Users\ECD-TYRONE\OneDrive\Documents\laravel\collab\baranggay\vendor\codeigniter4\framework\system\Config\BaseService.php(258): CodeIgniter\Config\Services::createRequest(Object(Config\App))
#17 C:\Users\ECD-TYRONE\OneDrive\Documents\laravel\collab\baranggay\vendor\codeigniter4\framework\system\CodeIgniter.php(655): CodeIgniter\Config\BaseService::__callStatic('createRequest', Array)
#18 C:\Users\ECD-TYRONE\OneDrive\Documents\laravel\collab\baranggay\vendor\codeigniter4\framework\system\CodeIgniter.php(355): CodeIgniter\CodeIgniter->getRequestObject()
#19 C:\Users\ECD-TYRONE\OneDrive\Documents\laravel\collab\baranggay\public\index.php(79): CodeIgniter\CodeIgniter->run()
#20 C:\Users\ECD-TYRONE\OneDrive\Documents\laravel\collab\baranggay\vendor\codeigniter4\framework\system\Commands\Server\rewrite.php(47): require_once('C:\\Users\\ECD-TY...')
#21 {main}
in SYSTEMPATH\HTTP\SiteURI.php on line 98.
 1 [internal function]: CodeIgniter\Debug\Exceptions->shutdownHandler()
ERROR - 2024-03-26 13:37:22 --> mysqli_sql_exception: Duplicate entry '09104256384' for key 'contact' in C:\Users\ECD-TYRONE\OneDrive\Documents\laravel\collab\baranggay\vendor\codeigniter4\framework\system\Database\MySQLi\Connection.php:306
Stack trace:
#0 C:\Users\ECD-TYRONE\OneDrive\Documents\laravel\collab\baranggay\vendor\codeigniter4\framework\system\Database\MySQLi\Connection.php(306): mysqli->query('INSERT INTO `me...', 0)
#1 C:\Users\ECD-TYRONE\OneDrive\Documents\laravel\collab\baranggay\vendor\codeigniter4\framework\system\Database\BaseConnection.php(693): CodeIgniter\Database\MySQLi\Connection->execute('INSERT INTO `me...')
#2 C:\Users\ECD-TYRONE\OneDrive\Documents\laravel\collab\baranggay\vendor\codeigniter4\framework\system\Database\BaseConnection.php(607): CodeIgniter\Database\BaseConnection->simpleQuery('INSERT INTO `me...')
#3 C:\Users\ECD-TYRONE\OneDrive\Documents\laravel\collab\baranggay\vendor\codeigniter4\framework\system\Database\BaseBuilder.php(2307): CodeIgniter\Database\BaseConnection->query('INSERT INTO `me...', Array, false)
#4 C:\Users\ECD-TYRONE\OneDrive\Documents\laravel\collab\baranggay\vendor\codeigniter4\framework\system\Model.php(326): CodeIgniter\Database\BaseBuilder->insert()
#5 C:\Users\ECD-TYRONE\OneDrive\Documents\laravel\collab\baranggay\vendor\codeigniter4\framework\system\BaseModel.php(802): CodeIgniter\Model->doInsert(Array)
#6 C:\Users\ECD-TYRONE\OneDrive\Documents\laravel\collab\baranggay\vendor\codeigniter4\framework\system\Model.php(744): CodeIgniter\BaseModel->insert(Array, true)
#7 C:\Users\ECD-TYRONE\OneDrive\Documents\laravel\collab\baranggay\app\Controllers\MemberControll.php(30): CodeIgniter\Model->insert(Array)
#8 C:\Users\ECD-TYRONE\OneDrive\Documents\laravel\collab\baranggay\vendor\codeigniter4\framework\system\CodeIgniter.php(941): App\Controllers\MemberControll->addMember()
#9 C:\Users\ECD-TYRONE\OneDrive\Documents\laravel\collab\baranggay\vendor\codeigniter4\framework\system\CodeIgniter.php(502): CodeIgniter\CodeIgniter->runController(Object(App\Controllers\MemberControll))
#10 C:\Users\ECD-TYRONE\OneDrive\Documents\laravel\collab\baranggay\vendor\codeigniter4\framework\system\CodeIgniter.php(361): CodeIgniter\CodeIgniter->handleRequest(NULL, Object(Config\Cache), false)
#11 C:\Users\ECD-TYRONE\OneDrive\Documents\laravel\collab\baranggay\public\index.php(79): CodeIgniter\CodeIgniter->run()
#12 C:\Users\ECD-TYRONE\OneDrive\Documents\laravel\collab\baranggay\vendor\codeigniter4\framework\system\Commands\Server\rewrite.php(47): require_once('C:\\Users\\ECD-TY...')
#13 {main}
CRITICAL - 2024-03-26 13:56:07 --> Error: Object of class CodeIgniter\Validation\Validation could not be converted to string
in APPPATH\Views\admin\records.php on line 21.
 1 SYSTEMPATH\View\View.php(228): include()
 2 SYSTEMPATH\View\View.php(231): CodeIgniter\View\View->CodeIgniter\View\{closure}()
 3 SYSTEMPATH\Common.php(1178): CodeIgniter\View\View->render('/admin/records', [], true)
 4 APPPATH\Config\Routes.php(17): view('/admin/records')
 5 SYSTEMPATH\CodeIgniter.php(890): CodeIgniter\Router\RouteCollection->{closure}()
 6 SYSTEMPATH\CodeIgniter.php(489): CodeIgniter\CodeIgniter->startController()
 7 SYSTEMPATH\CodeIgniter.php(361): CodeIgniter\CodeIgniter->handleRequest(null, Object(Config\Cache), false)
 8 FCPATH\index.php(79): CodeIgniter\CodeIgniter->run()
 9 SYSTEMPATH\Commands\Server\rewrite.php(47): require_once('C:\\Users\\ECD-TYRONE\\OneDrive\\Documents\\laravel\\collab\\baranggay\\public\\index.php')
CRITICAL - 2024-03-26 13:57:47 --> Error: Object of class CodeIgniter\Validation\Validation could not be converted to string
in APPPATH\Views\admin\records.php on line 21.
 1 SYSTEMPATH\View\View.php(228): include()
 2 SYSTEMPATH\View\View.php(231): CodeIgniter\View\View->CodeIgniter\View\{closure}()
 3 SYSTEMPATH\Common.php(1178): CodeIgniter\View\View->render('/admin/records', [], true)
 4 APPPATH\Config\Routes.php(17): view('/admin/records')
 5 SYSTEMPATH\CodeIgniter.php(890): CodeIgniter\Router\RouteCollection->{closure}()
 6 SYSTEMPATH\CodeIgniter.php(489): CodeIgniter\CodeIgniter->startController()
 7 SYSTEMPATH\CodeIgniter.php(361): CodeIgniter\CodeIgniter->handleRequest(null, Object(Config\Cache), false)
 8 FCPATH\index.php(79): CodeIgniter\CodeIgniter->run()
 9 SYSTEMPATH\Commands\Server\rewrite.php(47): require_once('C:\\Users\\ECD-TYRONE\\OneDrive\\Documents\\laravel\\collab\\baranggay\\public\\index.php')
CRITICAL - 2024-03-26 13:58:13 --> Error: Object of class CodeIgniter\Validation\Validation could not be converted to string
in APPPATH\Views\admin\records.php on line 21.
 1 SYSTEMPATH\View\View.php(228): include()
 2 SYSTEMPATH\View\View.php(231): CodeIgniter\View\View->CodeIgniter\View\{closure}()
 3 SYSTEMPATH\Common.php(1178): CodeIgniter\View\View->render('/admin/records', [], true)
 4 APPPATH\Config\Routes.php(17): view('/admin/records')
 5 SYSTEMPATH\CodeIgniter.php(890): CodeIgniter\Router\RouteCollection->{closure}()
 6 SYSTEMPATH\CodeIgniter.php(489): CodeIgniter\CodeIgniter->startController()
 7 SYSTEMPATH\CodeIgniter.php(361): CodeIgniter\CodeIgniter->handleRequest(null, Object(Config\Cache), false)
 8 FCPATH\index.php(79): CodeIgniter\CodeIgniter->run()
 9 SYSTEMPATH\Commands\Server\rewrite.php(47): require_once('C:\\Users\\ECD-TYRONE\\OneDrive\\Documents\\laravel\\collab\\baranggay\\public\\index.php')
CRITICAL - 2024-03-26 13:58:23 --> Error: Object of class CodeIgniter\Validation\Validation could not be converted to string
in APPPATH\Views\admin\records.php on line 21.
 1 SYSTEMPATH\View\View.php(228): include()
 2 SYSTEMPATH\View\View.php(231): CodeIgniter\View\View->CodeIgniter\View\{closure}()
 3 SYSTEMPATH\Common.php(1178): CodeIgniter\View\View->render('/admin/records', [], true)
 4 APPPATH\Config\Routes.php(17): view('/admin/records')
 5 SYSTEMPATH\CodeIgniter.php(890): CodeIgniter\Router\RouteCollection->{closure}()
 6 SYSTEMPATH\CodeIgniter.php(489): CodeIgniter\CodeIgniter->startController()
 7 SYSTEMPATH\CodeIgniter.php(361): CodeIgniter\CodeIgniter->handleRequest(null, Object(Config\Cache), false)
 8 FCPATH\index.php(79): CodeIgniter\CodeIgniter->run()
 9 SYSTEMPATH\Commands\Server\rewrite.php(47): require_once('C:\\Users\\ECD-TYRONE\\OneDrive\\Documents\\laravel\\collab\\baranggay\\public\\index.php')
CRITICAL - 2024-03-26 23:58:08 --> ErrorException: Undefined variable $route
in APPPATH\Config\Routes.php on line 14.
 1 APPPATH\Config\Routes.php(14): CodeIgniter\Debug\Exceptions->errorHandler(2, 'Undefined variable $route', 'C:\\Users\\ECD-TYRONE\\OneDrive\\Documents\\laravel\\collab\\baranggay\\app\\Config\\Routes.php', 14)
 2 SYSTEMPATH\Router\RouteCollection.php(345): require('C:\\Users\\ECD-TYRONE\\OneDrive\\Documents\\laravel\\collab\\baranggay\\app\\Config\\Routes.php')
 3 SYSTEMPATH\CodeIgniter.php(810): CodeIgniter\Router\RouteCollection->loadRoutes()
 4 SYSTEMPATH\CodeIgniter.php(450): CodeIgniter\CodeIgniter->tryToRouteIt(null)
 5 SYSTEMPATH\CodeIgniter.php(361): CodeIgniter\CodeIgniter->handleRequest(null, Object(Config\Cache), false)
 6 FCPATH\index.php(79): CodeIgniter\CodeIgniter->run()
 7 SYSTEMPATH\Commands\Server\rewrite.php(47): require_once('C:\\Users\\ECD-TYRONE\\OneDrive\\Documents\\laravel\\collab\\baranggay\\public\\index.php')
