CRITICAL - 2024-03-27 06:32:19 --> CodeIgniter\View\Exceptions\ViewException: Invalid file: "login.php"
in SYSTEMPATH\Exceptions\FrameworkException.php on line 39.
 1 SYSTEMPATH\View\View.php(216): CodeIgniter\Exceptions\FrameworkException::forInvalidFile('login.php')
 2 SYSTEMPATH\Common.php(1178): CodeIgniter\View\View->render('login', [], true)
 3 APPPATH\Controllers\UsersControll.php(50): view('login', [...])
 4 SYSTEMPATH\CodeIgniter.php(941): App\Controllers\UsersControll->login()
 5 SYSTEMPATH\CodeIgniter.php(502): CodeIgniter\CodeIgniter->runController(Object(App\Controllers\UsersControll))
 6 SYSTEMPATH\CodeIgniter.php(361): CodeIgniter\CodeIgniter->handleRequest(null, Object(Config\Cache), false)
 7 FCPATH\index.php(79): CodeIgniter\CodeIgniter->run()
 8 SYSTEMPATH\Commands\Server\rewrite.php(47): require_once('C:\\Users\\ECD-TYRONE\\OneDrive\\Documents\\laravel\\collab\\baranggay\\public\\index.php')
CRITICAL - 2024-03-27 06:32:59 --> CodeIgniter\View\Exceptions\ViewException: Invalid file: "login.php"
in SYSTEMPATH\Exceptions\FrameworkException.php on line 39.
 1 SYSTEMPATH\View\View.php(216): CodeIgniter\Exceptions\FrameworkException::forInvalidFile('login.php')
 2 SYSTEMPATH\Common.php(1178): CodeIgniter\View\View->render('login', [], true)
 3 APPPATH\Controllers\UsersControll.php(50): view('login', [...])
 4 SYSTEMPATH\CodeIgniter.php(941): App\Controllers\UsersControll->login()
 5 SYSTEMPATH\CodeIgniter.php(502): CodeIgniter\CodeIgniter->runController(Object(App\Controllers\UsersControll))
 6 SYSTEMPATH\CodeIgniter.php(361): CodeIgniter\CodeIgniter->handleRequest(null, Object(Config\Cache), false)
 7 FCPATH\index.php(79): CodeIgniter\CodeIgniter->run()
 8 SYSTEMPATH\Commands\Server\rewrite.php(47): require_once('C:\\Users\\ECD-TYRONE\\OneDrive\\Documents\\laravel\\collab\\baranggay\\public\\index.php')
ERROR - 2024-03-27 06:40:59 --> mysqli_sql_exception: You have an error in your SQL syntax; check the manual that corresponds to your MariaDB server version for the right syntax to use near ':0:
AND 1 = :1:
 LIMIT 1' at line 3 in C:\Users\ECD-TYRONE\OneDrive\Documents\laravel\collab\baranggay\vendor\codeigniter4\framework\system\Database\MySQLi\Connection.php:306
Stack trace:
#0 C:\Users\ECD-TYRONE\OneDrive\Documents\laravel\collab\baranggay\vendor\codeigniter4\framework\system\Database\MySQLi\Connection.php(306): mysqli->query('SELECT *\nFROM `...', 0)
#1 C:\Users\ECD-TYRONE\OneDrive\Documents\laravel\collab\baranggay\vendor\codeigniter4\framework\system\Database\BaseConnection.php(693): CodeIgniter\Database\MySQLi\Connection->execute('SELECT *\nFROM `...')
#2 C:\Users\ECD-TYRONE\OneDrive\Documents\laravel\collab\baranggay\vendor\codeigniter4\framework\system\Database\BaseConnection.php(607): CodeIgniter\Database\BaseConnection->simpleQuery('SELECT *\nFROM `...')
#3 C:\Users\ECD-TYRONE\OneDrive\Documents\laravel\collab\baranggay\vendor\codeigniter4\framework\system\Database\BaseBuilder.php(1616): CodeIgniter\Database\BaseConnection->query('SELECT *\nFROM `...', Array, false)
#4 C:\Users\ECD-TYRONE\OneDrive\Documents\laravel\collab\baranggay\vendor\codeigniter4\framework\system\Model.php(270): CodeIgniter\Database\BaseBuilder->get()
#5 C:\Users\ECD-TYRONE\OneDrive\Documents\laravel\collab\baranggay\vendor\codeigniter4\framework\system\BaseModel.php(676): CodeIgniter\Model->doFirst()
#6 C:\Users\ECD-TYRONE\OneDrive\Documents\laravel\collab\baranggay\app\Controllers\UsersControll.php(35): CodeIgniter\BaseModel->first()
#7 C:\Users\ECD-TYRONE\OneDrive\Documents\laravel\collab\baranggay\vendor\codeigniter4\framework\system\CodeIgniter.php(941): App\Controllers\UsersControll->login()
#8 C:\Users\ECD-TYRONE\OneDrive\Documents\laravel\collab\baranggay\vendor\codeigniter4\framework\system\CodeIgniter.php(502): CodeIgniter\CodeIgniter->runController(Object(App\Controllers\UsersControll))
#9 C:\Users\ECD-TYRONE\OneDrive\Documents\laravel\collab\baranggay\vendor\codeigniter4\framework\system\CodeIgniter.php(361): CodeIgniter\CodeIgniter->handleRequest(NULL, Object(Config\Cache), false)
#10 C:\Users\ECD-TYRONE\OneDrive\Documents\laravel\collab\baranggay\public\index.php(79): CodeIgniter\CodeIgniter->run()
#11 C:\Users\ECD-TYRONE\OneDrive\Documents\laravel\collab\baranggay\vendor\codeigniter4\framework\system\Commands\Server\rewrite.php(47): require_once('C:\\Users\\ECD-TY...')
#12 {main}
ERROR - 2024-03-27 06:41:32 --> mysqli_sql_exception: You have an error in your SQL syntax; check the manual that corresponds to your MariaDB server version for the right syntax to use near ':0:
AND 1 = :1:
 LIMIT 1' at line 3 in C:\Users\ECD-TYRONE\OneDrive\Documents\laravel\collab\baranggay\vendor\codeigniter4\framework\system\Database\MySQLi\Connection.php:306
Stack trace:
#0 C:\Users\ECD-TYRONE\OneDrive\Documents\laravel\collab\baranggay\vendor\codeigniter4\framework\system\Database\MySQLi\Connection.php(306): mysqli->query('SELECT *\nFROM `...', 0)
#1 C:\Users\ECD-TYRONE\OneDrive\Documents\laravel\collab\baranggay\vendor\codeigniter4\framework\system\Database\BaseConnection.php(693): CodeIgniter\Database\MySQLi\Connection->execute('SELECT *\nFROM `...')
#2 C:\Users\ECD-TYRONE\OneDrive\Documents\laravel\collab\baranggay\vendor\codeigniter4\framework\system\Database\BaseConnection.php(607): CodeIgniter\Database\BaseConnection->simpleQuery('SELECT *\nFROM `...')
#3 C:\Users\ECD-TYRONE\OneDrive\Documents\laravel\collab\baranggay\vendor\codeigniter4\framework\system\Database\BaseBuilder.php(1616): CodeIgniter\Database\BaseConnection->query('SELECT *\nFROM `...', Array, false)
#4 C:\Users\ECD-TYRONE\OneDrive\Documents\laravel\collab\baranggay\vendor\codeigniter4\framework\system\Model.php(270): CodeIgniter\Database\BaseBuilder->get()
#5 C:\Users\ECD-TYRONE\OneDrive\Documents\laravel\collab\baranggay\vendor\codeigniter4\framework\system\BaseModel.php(676): CodeIgniter\Model->doFirst()
#6 C:\Users\ECD-TYRONE\OneDrive\Documents\laravel\collab\baranggay\app\Controllers\UsersControll.php(35): CodeIgniter\BaseModel->first()
#7 C:\Users\ECD-TYRONE\OneDrive\Documents\laravel\collab\baranggay\vendor\codeigniter4\framework\system\CodeIgniter.php(941): App\Controllers\UsersControll->login()
#8 C:\Users\ECD-TYRONE\OneDrive\Documents\laravel\collab\baranggay\vendor\codeigniter4\framework\system\CodeIgniter.php(502): CodeIgniter\CodeIgniter->runController(Object(App\Controllers\UsersControll))
#9 C:\Users\ECD-TYRONE\OneDrive\Documents\laravel\collab\baranggay\vendor\codeigniter4\framework\system\CodeIgniter.php(361): CodeIgniter\CodeIgniter->handleRequest(NULL, Object(Config\Cache), false)
#10 C:\Users\ECD-TYRONE\OneDrive\Documents\laravel\collab\baranggay\public\index.php(79): CodeIgniter\CodeIgniter->run()
#11 C:\Users\ECD-TYRONE\OneDrive\Documents\laravel\collab\baranggay\vendor\codeigniter4\framework\system\Commands\Server\rewrite.php(47): require_once('C:\\Users\\ECD-TY...')
#12 {main}
ERROR - 2024-03-27 06:42:13 --> mysqli_sql_exception: You have an error in your SQL syntax; check the manual that corresponds to your MariaDB server version for the right syntax to use near ':0:
AND 1 = :1:
 LIMIT 1' at line 3 in C:\Users\ECD-TYRONE\OneDrive\Documents\laravel\collab\baranggay\vendor\codeigniter4\framework\system\Database\MySQLi\Connection.php:306
Stack trace:
#0 C:\Users\ECD-TYRONE\OneDrive\Documents\laravel\collab\baranggay\vendor\codeigniter4\framework\system\Database\MySQLi\Connection.php(306): mysqli->query('SELECT *\nFROM `...', 0)
#1 C:\Users\ECD-TYRONE\OneDrive\Documents\laravel\collab\baranggay\vendor\codeigniter4\framework\system\Database\BaseConnection.php(693): CodeIgniter\Database\MySQLi\Connection->execute('SELECT *\nFROM `...')
#2 C:\Users\ECD-TYRONE\OneDrive\Documents\laravel\collab\baranggay\vendor\codeigniter4\framework\system\Database\BaseConnection.php(607): CodeIgniter\Database\BaseConnection->simpleQuery('SELECT *\nFROM `...')
#3 C:\Users\ECD-TYRONE\OneDrive\Documents\laravel\collab\baranggay\vendor\codeigniter4\framework\system\Database\BaseBuilder.php(1616): CodeIgniter\Database\BaseConnection->query('SELECT *\nFROM `...', Array, false)
#4 C:\Users\ECD-TYRONE\OneDrive\Documents\laravel\collab\baranggay\vendor\codeigniter4\framework\system\Model.php(270): CodeIgniter\Database\BaseBuilder->get()
#5 C:\Users\ECD-TYRONE\OneDrive\Documents\laravel\collab\baranggay\vendor\codeigniter4\framework\system\BaseModel.php(676): CodeIgniter\Model->doFirst()
#6 C:\Users\ECD-TYRONE\OneDrive\Documents\laravel\collab\baranggay\app\Controllers\UsersControll.php(35): CodeIgniter\BaseModel->first()
#7 C:\Users\ECD-TYRONE\OneDrive\Documents\laravel\collab\baranggay\vendor\codeigniter4\framework\system\CodeIgniter.php(941): App\Controllers\UsersControll->login()
#8 C:\Users\ECD-TYRONE\OneDrive\Documents\laravel\collab\baranggay\vendor\codeigniter4\framework\system\CodeIgniter.php(502): CodeIgniter\CodeIgniter->runController(Object(App\Controllers\UsersControll))
#9 C:\Users\ECD-TYRONE\OneDrive\Documents\laravel\collab\baranggay\vendor\codeigniter4\framework\system\CodeIgniter.php(361): CodeIgniter\CodeIgniter->handleRequest(NULL, Object(Config\Cache), false)
#10 C:\Users\ECD-TYRONE\OneDrive\Documents\laravel\collab\baranggay\public\index.php(79): CodeIgniter\CodeIgniter->run()
#11 C:\Users\ECD-TYRONE\OneDrive\Documents\laravel\collab\baranggay\vendor\codeigniter4\framework\system\Commands\Server\rewrite.php(47): require_once('C:\\Users\\ECD-TY...')
#12 {main}
CRITICAL - 2024-03-27 07:10:21 --> ArgumentCountError: Too few arguments to function CodeIgniter\Router\RouteCollection::{closure}(), 0 passed in C:\Users\ECD-TYRONE\OneDrive\Documents\laravel\collab\baranggay\vendor\codeigniter4\framework\system\CodeIgniter.php on line 890 and exactly 2 expected
in APPPATH\Config\Routes.php on line 40.
 1 SYSTEMPATH\CodeIgniter.php(890): CodeIgniter\Router\RouteCollection->{closure}()
 2 SYSTEMPATH\CodeIgniter.php(489): CodeIgniter\CodeIgniter->startController()
 3 SYSTEMPATH\CodeIgniter.php(361): CodeIgniter\CodeIgniter->handleRequest(null, Object(Config\Cache), false)
 4 FCPATH\index.php(79): CodeIgniter\CodeIgniter->run()
 5 SYSTEMPATH\Commands\Server\rewrite.php(47): require_once('C:\\Users\\ECD-TYRONE\\OneDrive\\Documents\\laravel\\collab\\baranggay\\public\\index.php')
CRITICAL - 2024-03-27 07:10:45 --> ArgumentCountError: Too few arguments to function CodeIgniter\Router\RouteCollection::{closure}(), 0 passed in C:\Users\ECD-TYRONE\OneDrive\Documents\laravel\collab\baranggay\vendor\codeigniter4\framework\system\CodeIgniter.php on line 890 and exactly 2 expected
in APPPATH\Config\Routes.php on line 40.
 1 SYSTEMPATH\CodeIgniter.php(890): CodeIgniter\Router\RouteCollection->{closure}()
 2 SYSTEMPATH\CodeIgniter.php(489): CodeIgniter\CodeIgniter->startController()
 3 SYSTEMPATH\CodeIgniter.php(361): CodeIgniter\CodeIgniter->handleRequest(null, Object(Config\Cache), false)
 4 FCPATH\index.php(79): CodeIgniter\CodeIgniter->run()
 5 SYSTEMPATH\Commands\Server\rewrite.php(47): require_once('C:\\Users\\ECD-TYRONE\\OneDrive\\Documents\\laravel\\collab\\baranggay\\public\\index.php')
CRITICAL - 2024-03-27 07:28:55 --> ArgumentCountError: Too few arguments to function App\Controllers\UsersControll::login(), 0 passed in C:\Users\ECD-TYRONE\OneDrive\Documents\laravel\collab\baranggay\vendor\codeigniter4\framework\system\CodeIgniter.php on line 941 and exactly 1 expected
in APPPATH\Controllers\UsersControll.php on line 13.
 1 SYSTEMPATH\CodeIgniter.php(941): App\Controllers\UsersControll->login()
 2 SYSTEMPATH\CodeIgniter.php(502): CodeIgniter\CodeIgniter->runController(Object(App\Controllers\UsersControll))
 3 SYSTEMPATH\CodeIgniter.php(361): CodeIgniter\CodeIgniter->handleRequest(null, Object(Config\Cache), false)
 4 FCPATH\index.php(79): CodeIgniter\CodeIgniter->run()
 5 SYSTEMPATH\Commands\Server\rewrite.php(47): require_once('C:\\Users\\ECD-TYRONE\\OneDrive\\Documents\\laravel\\collab\\baranggay\\public\\index.php')
CRITICAL - 2024-03-27 07:30:20 --> ArgumentCountError: Too few arguments to function App\Controllers\UsersControll::login(), 0 passed in C:\Users\ECD-TYRONE\OneDrive\Documents\laravel\collab\baranggay\vendor\codeigniter4\framework\system\CodeIgniter.php on line 941 and exactly 1 expected
in APPPATH\Controllers\UsersControll.php on line 13.
 1 SYSTEMPATH\CodeIgniter.php(941): App\Controllers\UsersControll->login()
 2 SYSTEMPATH\CodeIgniter.php(502): CodeIgniter\CodeIgniter->runController(Object(App\Controllers\UsersControll))
 3 SYSTEMPATH\CodeIgniter.php(361): CodeIgniter\CodeIgniter->handleRequest(null, Object(Config\Cache), false)
 4 FCPATH\index.php(79): CodeIgniter\CodeIgniter->run()
 5 SYSTEMPATH\Commands\Server\rewrite.php(47): require_once('C:\\Users\\ECD-TYRONE\\OneDrive\\Documents\\laravel\\collab\\baranggay\\public\\index.php')
CRITICAL - 2024-03-27 07:31:50 --> ArgumentCountError: Too few arguments to function App\Controllers\UsersControll::login(), 0 passed in C:\Users\ECD-TYRONE\OneDrive\Documents\laravel\collab\baranggay\vendor\codeigniter4\framework\system\CodeIgniter.php on line 941 and exactly 1 expected
in APPPATH\Controllers\UsersControll.php on line 13.
 1 SYSTEMPATH\CodeIgniter.php(941): App\Controllers\UsersControll->login()
 2 SYSTEMPATH\CodeIgniter.php(502): CodeIgniter\CodeIgniter->runController(Object(App\Controllers\UsersControll))
 3 SYSTEMPATH\CodeIgniter.php(361): CodeIgniter\CodeIgniter->handleRequest(null, Object(Config\Cache), false)
 4 FCPATH\index.php(79): CodeIgniter\CodeIgniter->run()
 5 SYSTEMPATH\Commands\Server\rewrite.php(47): require_once('C:\\Users\\ECD-TYRONE\\OneDrive\\Documents\\laravel\\collab\\baranggay\\public\\index.php')
CRITICAL - 2024-03-27 07:31:54 --> ArgumentCountError: Too few arguments to function App\Controllers\UsersControll::login(), 0 passed in C:\Users\ECD-TYRONE\OneDrive\Documents\laravel\collab\baranggay\vendor\codeigniter4\framework\system\CodeIgniter.php on line 941 and exactly 1 expected
in APPPATH\Controllers\UsersControll.php on line 13.
 1 SYSTEMPATH\CodeIgniter.php(941): App\Controllers\UsersControll->login()
 2 SYSTEMPATH\CodeIgniter.php(502): CodeIgniter\CodeIgniter->runController(Object(App\Controllers\UsersControll))
 3 SYSTEMPATH\CodeIgniter.php(361): CodeIgniter\CodeIgniter->handleRequest(null, Object(Config\Cache), false)
 4 FCPATH\index.php(79): CodeIgniter\CodeIgniter->run()
 5 SYSTEMPATH\Commands\Server\rewrite.php(47): require_once('C:\\Users\\ECD-TYRONE\\OneDrive\\Documents\\laravel\\collab\\baranggay\\public\\index.php')
CRITICAL - 2024-03-27 07:32:17 --> ArgumentCountError: Too few arguments to function App\Controllers\UsersControll::login(), 0 passed in C:\Users\ECD-TYRONE\OneDrive\Documents\laravel\collab\baranggay\vendor\codeigniter4\framework\system\CodeIgniter.php on line 941 and exactly 1 expected
in APPPATH\Controllers\UsersControll.php on line 13.
 1 SYSTEMPATH\CodeIgniter.php(941): App\Controllers\UsersControll->login()
 2 SYSTEMPATH\CodeIgniter.php(502): CodeIgniter\CodeIgniter->runController(Object(App\Controllers\UsersControll))
 3 SYSTEMPATH\CodeIgniter.php(361): CodeIgniter\CodeIgniter->handleRequest(null, Object(Config\Cache), false)
 4 FCPATH\index.php(79): CodeIgniter\CodeIgniter->run()
 5 SYSTEMPATH\Commands\Server\rewrite.php(47): require_once('C:\\Users\\ECD-TYRONE\\OneDrive\\Documents\\laravel\\collab\\baranggay\\public\\index.php')
CRITICAL - 2024-03-27 07:34:37 --> ArgumentCountError: Too few arguments to function App\Controllers\UsersControll::login(), 0 passed in C:\Users\ECD-TYRONE\OneDrive\Documents\laravel\collab\baranggay\vendor\codeigniter4\framework\system\CodeIgniter.php on line 941 and exactly 1 expected
in APPPATH\Controllers\UsersControll.php on line 13.
 1 SYSTEMPATH\CodeIgniter.php(941): App\Controllers\UsersControll->login()
 2 SYSTEMPATH\CodeIgniter.php(502): CodeIgniter\CodeIgniter->runController(Object(App\Controllers\UsersControll))
 3 SYSTEMPATH\CodeIgniter.php(361): CodeIgniter\CodeIgniter->handleRequest(null, Object(Config\Cache), false)
 4 FCPATH\index.php(79): CodeIgniter\CodeIgniter->run()
 5 SYSTEMPATH\Commands\Server\rewrite.php(47): require_once('C:\\Users\\ECD-TYRONE\\OneDrive\\Documents\\laravel\\collab\\baranggay\\public\\index.php')
CRITICAL - 2024-03-27 09:40:27 --> CodeIgniter\Filters\Exceptions\FilterException: "authCookie" filter must have a matching alias defined.
in SYSTEMPATH\Filters\Filters.php on line 352.
 1 SYSTEMPATH\Filters\Filters.php(352): CodeIgniter\Filters\Exceptions\FilterException::forNoAlias('authCookie')
 2 SYSTEMPATH\CodeIgniter.php(467): CodeIgniter\Filters\Filters->enableFilter('authCookie', 'before')
 3 SYSTEMPATH\CodeIgniter.php(361): CodeIgniter\CodeIgniter->handleRequest(null, Object(Config\Cache), false)
 4 FCPATH\index.php(79): CodeIgniter\CodeIgniter->run()
 5 SYSTEMPATH\Commands\Server\rewrite.php(47): require_once('C:\\Users\\ECD-TYRONE\\OneDrive\\Documents\\laravel\\collab\\baranggay\\public\\index.php')
CRITICAL - 2024-03-27 09:40:43 --> CodeIgniter\Filters\Exceptions\FilterException: "authCookie" filter must have a matching alias defined.
in SYSTEMPATH\Filters\Filters.php on line 352.
 1 SYSTEMPATH\Filters\Filters.php(352): CodeIgniter\Filters\Exceptions\FilterException::forNoAlias('authCookie')
 2 SYSTEMPATH\CodeIgniter.php(467): CodeIgniter\Filters\Filters->enableFilter('authCookie', 'before')
 3 SYSTEMPATH\CodeIgniter.php(361): CodeIgniter\CodeIgniter->handleRequest(null, Object(Config\Cache), false)
 4 FCPATH\index.php(79): CodeIgniter\CodeIgniter->run()
 5 SYSTEMPATH\Commands\Server\rewrite.php(47): require_once('C:\\Users\\ECD-TYRONE\\OneDrive\\Documents\\laravel\\collab\\baranggay\\public\\index.php')
CRITICAL - 2024-03-27 09:41:21 --> CodeIgniter\Filters\Exceptions\FilterException: "authCookie" filter must have a matching alias defined.
in SYSTEMPATH\Filters\Filters.php on line 352.
 1 SYSTEMPATH\Filters\Filters.php(352): CodeIgniter\Filters\Exceptions\FilterException::forNoAlias('authCookie')
 2 SYSTEMPATH\CodeIgniter.php(467): CodeIgniter\Filters\Filters->enableFilter('authCookie', 'before')
 3 SYSTEMPATH\CodeIgniter.php(361): CodeIgniter\CodeIgniter->handleRequest(null, Object(Config\Cache), false)
 4 FCPATH\index.php(79): CodeIgniter\CodeIgniter->run()
 5 SYSTEMPATH\Commands\Server\rewrite.php(47): require_once('C:\\Users\\ECD-TYRONE\\OneDrive\\Documents\\laravel\\collab\\baranggay\\public\\index.php')
CRITICAL - 2024-03-27 09:41:56 --> CodeIgniter\Filters\Exceptions\FilterException: "authCookie" filter must have a matching alias defined.
in SYSTEMPATH\Filters\Filters.php on line 352.
 1 SYSTEMPATH\Filters\Filters.php(352): CodeIgniter\Filters\Exceptions\FilterException::forNoAlias('authCookie')
 2 SYSTEMPATH\CodeIgniter.php(467): CodeIgniter\Filters\Filters->enableFilter('authCookie', 'before')
 3 SYSTEMPATH\CodeIgniter.php(361): CodeIgniter\CodeIgniter->handleRequest(null, Object(Config\Cache), false)
 4 FCPATH\index.php(79): CodeIgniter\CodeIgniter->run()
 5 SYSTEMPATH\Commands\Server\rewrite.php(47): require_once('C:\\Users\\ECD-TYRONE\\OneDrive\\Documents\\laravel\\collab\\baranggay\\public\\index.php')
CRITICAL - 2024-03-27 09:44:24 --> CodeIgniter\Filters\Exceptions\FilterException: "AuthFilter" filter must have a matching alias defined.
in SYSTEMPATH\Filters\Filters.php on line 352.
 1 SYSTEMPATH\Filters\Filters.php(352): CodeIgniter\Filters\Exceptions\FilterException::forNoAlias('AuthFilter')
 2 SYSTEMPATH\CodeIgniter.php(467): CodeIgniter\Filters\Filters->enableFilter('AuthFilter', 'before')
 3 SYSTEMPATH\CodeIgniter.php(361): CodeIgniter\CodeIgniter->handleRequest(null, Object(Config\Cache), false)
 4 FCPATH\index.php(79): CodeIgniter\CodeIgniter->run()
 5 SYSTEMPATH\Commands\Server\rewrite.php(47): require_once('C:\\Users\\ECD-TYRONE\\OneDrive\\Documents\\laravel\\collab\\baranggay\\public\\index.php')
CRITICAL - 2024-03-27 09:44:25 --> CodeIgniter\Filters\Exceptions\FilterException: "AuthFilter" filter must have a matching alias defined.
in SYSTEMPATH\Filters\Filters.php on line 352.
 1 SYSTEMPATH\Filters\Filters.php(352): CodeIgniter\Filters\Exceptions\FilterException::forNoAlias('AuthFilter')
 2 SYSTEMPATH\CodeIgniter.php(467): CodeIgniter\Filters\Filters->enableFilter('AuthFilter', 'before')
 3 SYSTEMPATH\CodeIgniter.php(361): CodeIgniter\CodeIgniter->handleRequest(null, Object(Config\Cache), false)
 4 FCPATH\index.php(79): CodeIgniter\CodeIgniter->run()
 5 SYSTEMPATH\Commands\Server\rewrite.php(47): require_once('C:\\Users\\ECD-TYRONE\\OneDrive\\Documents\\laravel\\collab\\baranggay\\public\\index.php')
CRITICAL - 2024-03-27 09:44:29 --> CodeIgniter\Filters\Exceptions\FilterException: "AuthFilter" filter must have a matching alias defined.
in SYSTEMPATH\Filters\Filters.php on line 352.
 1 SYSTEMPATH\Filters\Filters.php(352): CodeIgniter\Filters\Exceptions\FilterException::forNoAlias('AuthFilter')
 2 SYSTEMPATH\CodeIgniter.php(467): CodeIgniter\Filters\Filters->enableFilter('AuthFilter', 'before')
 3 SYSTEMPATH\CodeIgniter.php(361): CodeIgniter\CodeIgniter->handleRequest(null, Object(Config\Cache), false)
 4 FCPATH\index.php(79): CodeIgniter\CodeIgniter->run()
 5 SYSTEMPATH\Commands\Server\rewrite.php(47): require_once('C:\\Users\\ECD-TYRONE\\OneDrive\\Documents\\laravel\\collab\\baranggay\\public\\index.php')
CRITICAL - 2024-03-27 09:44:51 --> CodeIgniter\Filters\Exceptions\FilterException: "AuthFilter" filter must have a matching alias defined.
in SYSTEMPATH\Filters\Filters.php on line 352.
 1 SYSTEMPATH\Filters\Filters.php(352): CodeIgniter\Filters\Exceptions\FilterException::forNoAlias('AuthFilter')
 2 SYSTEMPATH\CodeIgniter.php(467): CodeIgniter\Filters\Filters->enableFilter('AuthFilter', 'before')
 3 SYSTEMPATH\CodeIgniter.php(361): CodeIgniter\CodeIgniter->handleRequest(null, Object(Config\Cache), false)
 4 FCPATH\index.php(79): CodeIgniter\CodeIgniter->run()
 5 SYSTEMPATH\Commands\Server\rewrite.php(47): require_once('C:\\Users\\ECD-TYRONE\\OneDrive\\Documents\\laravel\\collab\\baranggay\\public\\index.php')
CRITICAL - 2024-03-27 09:45:20 --> CodeIgniter\Filters\Exceptions\FilterException: "AuthFilter" filter must have a matching alias defined.
in SYSTEMPATH\Filters\Filters.php on line 352.
 1 SYSTEMPATH\Filters\Filters.php(352): CodeIgniter\Filters\Exceptions\FilterException::forNoAlias('AuthFilter')
 2 SYSTEMPATH\CodeIgniter.php(467): CodeIgniter\Filters\Filters->enableFilter('AuthFilter', 'before')
 3 SYSTEMPATH\CodeIgniter.php(361): CodeIgniter\CodeIgniter->handleRequest(null, Object(Config\Cache), false)
 4 FCPATH\index.php(79): CodeIgniter\CodeIgniter->run()
 5 SYSTEMPATH\Commands\Server\rewrite.php(47): require_once('C:\\Users\\ECD-TYRONE\\OneDrive\\Documents\\laravel\\collab\\baranggay\\public\\index.php')
CRITICAL - 2024-03-27 09:45:49 --> CodeIgniter\Filters\Exceptions\FilterException: "AuthFilter" filter must have a matching alias defined.
in SYSTEMPATH\Filters\Filters.php on line 352.
 1 SYSTEMPATH\Filters\Filters.php(352): CodeIgniter\Filters\Exceptions\FilterException::forNoAlias('AuthFilter')
 2 SYSTEMPATH\CodeIgniter.php(467): CodeIgniter\Filters\Filters->enableFilter('AuthFilter', 'before')
 3 SYSTEMPATH\CodeIgniter.php(361): CodeIgniter\CodeIgniter->handleRequest(null, Object(Config\Cache), false)
 4 FCPATH\index.php(79): CodeIgniter\CodeIgniter->run()
 5 SYSTEMPATH\Commands\Server\rewrite.php(47): require_once('C:\\Users\\ECD-TYRONE\\OneDrive\\Documents\\laravel\\collab\\baranggay\\public\\index.php')
CRITICAL - 2024-03-27 09:45:55 --> CodeIgniter\Filters\Exceptions\FilterException: "AuthFilter" filter must have a matching alias defined.
in SYSTEMPATH\Filters\Filters.php on line 352.
 1 SYSTEMPATH\Filters\Filters.php(352): CodeIgniter\Filters\Exceptions\FilterException::forNoAlias('AuthFilter')
 2 SYSTEMPATH\CodeIgniter.php(467): CodeIgniter\Filters\Filters->enableFilter('AuthFilter', 'before')
 3 SYSTEMPATH\CodeIgniter.php(361): CodeIgniter\CodeIgniter->handleRequest(null, Object(Config\Cache), false)
 4 FCPATH\index.php(79): CodeIgniter\CodeIgniter->run()
 5 SYSTEMPATH\Commands\Server\rewrite.php(47): require_once('C:\\Users\\ECD-TYRONE\\OneDrive\\Documents\\laravel\\collab\\baranggay\\public\\index.php')
CRITICAL - 2024-03-27 09:46:40 --> CodeIgniter\Filters\Exceptions\FilterException: "AuthFilter" filter must have a matching alias defined.
in SYSTEMPATH\Filters\Filters.php on line 352.
 1 SYSTEMPATH\Filters\Filters.php(352): CodeIgniter\Filters\Exceptions\FilterException::forNoAlias('AuthFilter')
 2 SYSTEMPATH\CodeIgniter.php(467): CodeIgniter\Filters\Filters->enableFilter('AuthFilter', 'before')
 3 SYSTEMPATH\CodeIgniter.php(361): CodeIgniter\CodeIgniter->handleRequest(null, Object(Config\Cache), false)
 4 FCPATH\index.php(79): CodeIgniter\CodeIgniter->run()
 5 SYSTEMPATH\Commands\Server\rewrite.php(47): require_once('C:\\Users\\ECD-TYRONE\\OneDrive\\Documents\\laravel\\collab\\baranggay\\public\\index.php')
CRITICAL - 2024-03-27 09:47:22 --> CodeIgniter\Filters\Exceptions\FilterException: "AuthFilter" filter must have a matching alias defined.
in SYSTEMPATH\Filters\Filters.php on line 352.
 1 SYSTEMPATH\Filters\Filters.php(352): CodeIgniter\Filters\Exceptions\FilterException::forNoAlias('AuthFilter')
 2 SYSTEMPATH\CodeIgniter.php(467): CodeIgniter\Filters\Filters->enableFilter('AuthFilter', 'before')
 3 SYSTEMPATH\CodeIgniter.php(361): CodeIgniter\CodeIgniter->handleRequest(null, Object(Config\Cache), false)
 4 FCPATH\index.php(79): CodeIgniter\CodeIgniter->run()
 5 SYSTEMPATH\Commands\Server\rewrite.php(47): require_once('C:\\Users\\ECD-TYRONE\\OneDrive\\Documents\\laravel\\collab\\baranggay\\public\\index.php')
CRITICAL - 2024-03-27 09:57:22 --> Error: Call to a member function getValue() on string
in APPPATH\Config\Routes.php on line 45.
 1 SYSTEMPATH\CodeIgniter.php(890): CodeIgniter\Router\RouteCollection->{closure}()
 2 SYSTEMPATH\CodeIgniter.php(489): CodeIgniter\CodeIgniter->startController()
 3 SYSTEMPATH\CodeIgniter.php(361): CodeIgniter\CodeIgniter->handleRequest(null, Object(Config\Cache), false)
 4 FCPATH\index.php(79): CodeIgniter\CodeIgniter->run()
 5 SYSTEMPATH\Commands\Server\rewrite.php(47): require_once('C:\\Users\\ECD-TYRONE\\OneDrive\\Documents\\laravel\\collab\\baranggay\\public\\index.php')
ERROR - 2024-03-27 23:39:03 --> Error connecting to the database: mysqli_sql_exception: No connection could be made because the target machine actively refused it in C:\Users\ECD-TYRONE\OneDrive\Documents\laravel\collab\baranggay\vendor\codeigniter4\framework\system\Database\MySQLi\Connection.php:184
Stack trace:
#0 C:\Users\ECD-TYRONE\OneDrive\Documents\laravel\collab\baranggay\vendor\codeigniter4\framework\system\Database\MySQLi\Connection.php(184): mysqli->real_connect('localhost', 'root', Object(SensitiveParameterValue), 'baranggay', 3306, '', 0)
#1 C:\Users\ECD-TYRONE\OneDrive\Documents\laravel\collab\baranggay\vendor\codeigniter4\framework\system\Database\BaseConnection.php(392): CodeIgniter\Database\MySQLi\Connection->connect(false)
#2 C:\Users\ECD-TYRONE\OneDrive\Documents\laravel\collab\baranggay\vendor\codeigniter4\framework\system\Database\BaseConnection.php(575): CodeIgniter\Database\BaseConnection->initialize()
#3 C:\Users\ECD-TYRONE\OneDrive\Documents\laravel\collab\baranggay\vendor\codeigniter4\framework\system\Database\BaseBuilder.php(1616): CodeIgniter\Database\BaseConnection->query('SELECT *\nFROM `...', Array, false)
#4 C:\Users\ECD-TYRONE\OneDrive\Documents\laravel\collab\baranggay\vendor\codeigniter4\framework\system\Model.php(872): CodeIgniter\Database\BaseBuilder->get()
#5 C:\Users\ECD-TYRONE\OneDrive\Documents\laravel\collab\baranggay\app\Controllers\MemberControll.php(49): CodeIgniter\Model->__call('get', Array)
#6 C:\Users\ECD-TYRONE\OneDrive\Documents\laravel\collab\baranggay\vendor\codeigniter4\framework\system\CodeIgniter.php(941): App\Controllers\MemberControll->showMembers()
#7 C:\Users\ECD-TYRONE\OneDrive\Documents\laravel\collab\baranggay\vendor\codeigniter4\framework\system\CodeIgniter.php(502): CodeIgniter\CodeIgniter->runController(Object(App\Controllers\MemberControll))
#8 C:\Users\ECD-TYRONE\OneDrive\Documents\laravel\collab\baranggay\vendor\codeigniter4\framework\system\CodeIgniter.php(361): CodeIgniter\CodeIgniter->handleRequest(NULL, Object(Config\Cache), false)
#9 C:\Users\ECD-TYRONE\OneDrive\Documents\laravel\collab\baranggay\public\index.php(79): CodeIgniter\CodeIgniter->run()
#10 C:\Users\ECD-TYRONE\OneDrive\Documents\laravel\collab\baranggay\vendor\codeigniter4\framework\system\Commands\Server\rewrite.php(47): require_once('C:\\Users\\ECD-TY...')
#11 {main}

Next CodeIgniter\Database\Exceptions\DatabaseException: No connection could be made because the target machine actively refused it in C:\Users\ECD-TYRONE\OneDrive\Documents\laravel\collab\baranggay\vendor\codeigniter4\framework\system\Database\MySQLi\Connection.php:229
Stack trace:
#0 C:\Users\ECD-TYRONE\OneDrive\Documents\laravel\collab\baranggay\vendor\codeigniter4\framework\system\Database\BaseConnection.php(392): CodeIgniter\Database\MySQLi\Connection->connect(false)
#1 C:\Users\ECD-TYRONE\OneDrive\Documents\laravel\collab\baranggay\vendor\codeigniter4\framework\system\Database\BaseConnection.php(575): CodeIgniter\Database\BaseConnection->initialize()
#2 C:\Users\ECD-TYRONE\OneDrive\Documents\laravel\collab\baranggay\vendor\codeigniter4\framework\system\Database\BaseBuilder.php(1616): CodeIgniter\Database\BaseConnection->query('SELECT *\nFROM `...', Array, false)
#3 C:\Users\ECD-TYRONE\OneDrive\Documents\laravel\collab\baranggay\vendor\codeigniter4\framework\system\Model.php(872): CodeIgniter\Database\BaseBuilder->get()
#4 C:\Users\ECD-TYRONE\OneDrive\Documents\laravel\collab\baranggay\app\Controllers\MemberControll.php(49): CodeIgniter\Model->__call('get', Array)
#5 C:\Users\ECD-TYRONE\OneDrive\Documents\laravel\collab\baranggay\vendor\codeigniter4\framework\system\CodeIgniter.php(941): App\Controllers\MemberControll->showMembers()
#6 C:\Users\ECD-TYRONE\OneDrive\Documents\laravel\collab\baranggay\vendor\codeigniter4\framework\system\CodeIgniter.php(502): CodeIgniter\CodeIgniter->runController(Object(App\Controllers\MemberControll))
#7 C:\Users\ECD-TYRONE\OneDrive\Documents\laravel\collab\baranggay\vendor\codeigniter4\framework\system\CodeIgniter.php(361): CodeIgniter\CodeIgniter->handleRequest(NULL, Object(Config\Cache), false)
#8 C:\Users\ECD-TYRONE\OneDrive\Documents\laravel\collab\baranggay\public\index.php(79): CodeIgniter\CodeIgniter->run()
#9 C:\Users\ECD-TYRONE\OneDrive\Documents\laravel\collab\baranggay\vendor\codeigniter4\framework\system\Commands\Server\rewrite.php(47): require_once('C:\\Users\\ECD-TY...')
#10 {main}
ERROR - 2024-03-27 23:39:12 --> Error connecting to the database: mysqli_sql_exception: No connection could be made because the target machine actively refused it in C:\Users\ECD-TYRONE\OneDrive\Documents\laravel\collab\baranggay\vendor\codeigniter4\framework\system\Database\MySQLi\Connection.php:184
Stack trace:
#0 C:\Users\ECD-TYRONE\OneDrive\Documents\laravel\collab\baranggay\vendor\codeigniter4\framework\system\Database\MySQLi\Connection.php(184): mysqli->real_connect('localhost', 'root', Object(SensitiveParameterValue), 'baranggay', 3306, '', 0)
#1 C:\Users\ECD-TYRONE\OneDrive\Documents\laravel\collab\baranggay\vendor\codeigniter4\framework\system\Database\BaseConnection.php(392): CodeIgniter\Database\MySQLi\Connection->connect(false)
#2 C:\Users\ECD-TYRONE\OneDrive\Documents\laravel\collab\baranggay\vendor\codeigniter4\framework\system\Database\BaseConnection.php(575): CodeIgniter\Database\BaseConnection->initialize()
#3 C:\Users\ECD-TYRONE\OneDrive\Documents\laravel\collab\baranggay\vendor\codeigniter4\framework\system\Database\BaseBuilder.php(1616): CodeIgniter\Database\BaseConnection->query('SELECT *\nFROM `...', Array, false)
#4 C:\Users\ECD-TYRONE\OneDrive\Documents\laravel\collab\baranggay\vendor\codeigniter4\framework\system\Model.php(872): CodeIgniter\Database\BaseBuilder->get()
#5 C:\Users\ECD-TYRONE\OneDrive\Documents\laravel\collab\baranggay\app\Controllers\MemberControll.php(49): CodeIgniter\Model->__call('get', Array)
#6 C:\Users\ECD-TYRONE\OneDrive\Documents\laravel\collab\baranggay\vendor\codeigniter4\framework\system\CodeIgniter.php(941): App\Controllers\MemberControll->showMembers()
#7 C:\Users\ECD-TYRONE\OneDrive\Documents\laravel\collab\baranggay\vendor\codeigniter4\framework\system\CodeIgniter.php(502): CodeIgniter\CodeIgniter->runController(Object(App\Controllers\MemberControll))
#8 C:\Users\ECD-TYRONE\OneDrive\Documents\laravel\collab\baranggay\vendor\codeigniter4\framework\system\CodeIgniter.php(361): CodeIgniter\CodeIgniter->handleRequest(NULL, Object(Config\Cache), false)
#9 C:\Users\ECD-TYRONE\OneDrive\Documents\laravel\collab\baranggay\public\index.php(79): CodeIgniter\CodeIgniter->run()
#10 C:\Users\ECD-TYRONE\OneDrive\Documents\laravel\collab\baranggay\vendor\codeigniter4\framework\system\Commands\Server\rewrite.php(47): require_once('C:\\Users\\ECD-TY...')
#11 {main}

Next CodeIgniter\Database\Exceptions\DatabaseException: No connection could be made because the target machine actively refused it in C:\Users\ECD-TYRONE\OneDrive\Documents\laravel\collab\baranggay\vendor\codeigniter4\framework\system\Database\MySQLi\Connection.php:229
Stack trace:
#0 C:\Users\ECD-TYRONE\OneDrive\Documents\laravel\collab\baranggay\vendor\codeigniter4\framework\system\Database\BaseConnection.php(392): CodeIgniter\Database\MySQLi\Connection->connect(false)
#1 C:\Users\ECD-TYRONE\OneDrive\Documents\laravel\collab\baranggay\vendor\codeigniter4\framework\system\Database\BaseConnection.php(575): CodeIgniter\Database\BaseConnection->initialize()
#2 C:\Users\ECD-TYRONE\OneDrive\Documents\laravel\collab\baranggay\vendor\codeigniter4\framework\system\Database\BaseBuilder.php(1616): CodeIgniter\Database\BaseConnection->query('SELECT *\nFROM `...', Array, false)
#3 C:\Users\ECD-TYRONE\OneDrive\Documents\laravel\collab\baranggay\vendor\codeigniter4\framework\system\Model.php(872): CodeIgniter\Database\BaseBuilder->get()
#4 C:\Users\ECD-TYRONE\OneDrive\Documents\laravel\collab\baranggay\app\Controllers\MemberControll.php(49): CodeIgniter\Model->__call('get', Array)
#5 C:\Users\ECD-TYRONE\OneDrive\Documents\laravel\collab\baranggay\vendor\codeigniter4\framework\system\CodeIgniter.php(941): App\Controllers\MemberControll->showMembers()
#6 C:\Users\ECD-TYRONE\OneDrive\Documents\laravel\collab\baranggay\vendor\codeigniter4\framework\system\CodeIgniter.php(502): CodeIgniter\CodeIgniter->runController(Object(App\Controllers\MemberControll))
#7 C:\Users\ECD-TYRONE\OneDrive\Documents\laravel\collab\baranggay\vendor\codeigniter4\framework\system\CodeIgniter.php(361): CodeIgniter\CodeIgniter->handleRequest(NULL, Object(Config\Cache), false)
#8 C:\Users\ECD-TYRONE\OneDrive\Documents\laravel\collab\baranggay\public\index.php(79): CodeIgniter\CodeIgniter->run()
#9 C:\Users\ECD-TYRONE\OneDrive\Documents\laravel\collab\baranggay\vendor\codeigniter4\framework\system\Commands\Server\rewrite.php(47): require_once('C:\\Users\\ECD-TY...')
#10 {main}
ERROR - 2024-03-27 23:39:38 --> Error connecting to the database: mysqli_sql_exception: No connection could be made because the target machine actively refused it in C:\Users\ECD-TYRONE\OneDrive\Documents\laravel\collab\baranggay\vendor\codeigniter4\framework\system\Database\MySQLi\Connection.php:184
Stack trace:
#0 C:\Users\ECD-TYRONE\OneDrive\Documents\laravel\collab\baranggay\vendor\codeigniter4\framework\system\Database\MySQLi\Connection.php(184): mysqli->real_connect('localhost', 'root', Object(SensitiveParameterValue), 'baranggay', 3306, '', 0)
#1 C:\Users\ECD-TYRONE\OneDrive\Documents\laravel\collab\baranggay\vendor\codeigniter4\framework\system\Database\BaseConnection.php(392): CodeIgniter\Database\MySQLi\Connection->connect(false)
#2 C:\Users\ECD-TYRONE\OneDrive\Documents\laravel\collab\baranggay\vendor\codeigniter4\framework\system\Database\BaseConnection.php(575): CodeIgniter\Database\BaseConnection->initialize()
#3 C:\Users\ECD-TYRONE\OneDrive\Documents\laravel\collab\baranggay\vendor\codeigniter4\framework\system\Database\BaseBuilder.php(1616): CodeIgniter\Database\BaseConnection->query('SELECT *\nFROM `...', Array, false)
#4 C:\Users\ECD-TYRONE\OneDrive\Documents\laravel\collab\baranggay\vendor\codeigniter4\framework\system\Model.php(872): CodeIgniter\Database\BaseBuilder->get()
#5 C:\Users\ECD-TYRONE\OneDrive\Documents\laravel\collab\baranggay\app\Controllers\MemberControll.php(49): CodeIgniter\Model->__call('get', Array)
#6 C:\Users\ECD-TYRONE\OneDrive\Documents\laravel\collab\baranggay\vendor\codeigniter4\framework\system\CodeIgniter.php(941): App\Controllers\MemberControll->showMembers()
#7 C:\Users\ECD-TYRONE\OneDrive\Documents\laravel\collab\baranggay\vendor\codeigniter4\framework\system\CodeIgniter.php(502): CodeIgniter\CodeIgniter->runController(Object(App\Controllers\MemberControll))
#8 C:\Users\ECD-TYRONE\OneDrive\Documents\laravel\collab\baranggay\vendor\codeigniter4\framework\system\CodeIgniter.php(361): CodeIgniter\CodeIgniter->handleRequest(NULL, Object(Config\Cache), false)
#9 C:\Users\ECD-TYRONE\OneDrive\Documents\laravel\collab\baranggay\public\index.php(79): CodeIgniter\CodeIgniter->run()
#10 C:\Users\ECD-TYRONE\OneDrive\Documents\laravel\collab\baranggay\vendor\codeigniter4\framework\system\Commands\Server\rewrite.php(47): require_once('C:\\Users\\ECD-TY...')
#11 {main}

Next CodeIgniter\Database\Exceptions\DatabaseException: No connection could be made because the target machine actively refused it in C:\Users\ECD-TYRONE\OneDrive\Documents\laravel\collab\baranggay\vendor\codeigniter4\framework\system\Database\MySQLi\Connection.php:229
Stack trace:
#0 C:\Users\ECD-TYRONE\OneDrive\Documents\laravel\collab\baranggay\vendor\codeigniter4\framework\system\Database\BaseConnection.php(392): CodeIgniter\Database\MySQLi\Connection->connect(false)
#1 C:\Users\ECD-TYRONE\OneDrive\Documents\laravel\collab\baranggay\vendor\codeigniter4\framework\system\Database\BaseConnection.php(575): CodeIgniter\Database\BaseConnection->initialize()
#2 C:\Users\ECD-TYRONE\OneDrive\Documents\laravel\collab\baranggay\vendor\codeigniter4\framework\system\Database\BaseBuilder.php(1616): CodeIgniter\Database\BaseConnection->query('SELECT *\nFROM `...', Array, false)
#3 C:\Users\ECD-TYRONE\OneDrive\Documents\laravel\collab\baranggay\vendor\codeigniter4\framework\system\Model.php(872): CodeIgniter\Database\BaseBuilder->get()
#4 C:\Users\ECD-TYRONE\OneDrive\Documents\laravel\collab\baranggay\app\Controllers\MemberControll.php(49): CodeIgniter\Model->__call('get', Array)
#5 C:\Users\ECD-TYRONE\OneDrive\Documents\laravel\collab\baranggay\vendor\codeigniter4\framework\system\CodeIgniter.php(941): App\Controllers\MemberControll->showMembers()
#6 C:\Users\ECD-TYRONE\OneDrive\Documents\laravel\collab\baranggay\vendor\codeigniter4\framework\system\CodeIgniter.php(502): CodeIgniter\CodeIgniter->runController(Object(App\Controllers\MemberControll))
#7 C:\Users\ECD-TYRONE\OneDrive\Documents\laravel\collab\baranggay\vendor\codeigniter4\framework\system\CodeIgniter.php(361): CodeIgniter\CodeIgniter->handleRequest(NULL, Object(Config\Cache), false)
#8 C:\Users\ECD-TYRONE\OneDrive\Documents\laravel\collab\baranggay\public\index.php(79): CodeIgniter\CodeIgniter->run()
#9 C:\Users\ECD-TYRONE\OneDrive\Documents\laravel\collab\baranggay\vendor\codeigniter4\framework\system\Commands\Server\rewrite.php(47): require_once('C:\\Users\\ECD-TY...')
#10 {main}
ERROR - 2024-03-27 23:40:05 --> Error connecting to the database: mysqli_sql_exception: No connection could be made because the target machine actively refused it in C:\Users\ECD-TYRONE\OneDrive\Documents\laravel\collab\baranggay\vendor\codeigniter4\framework\system\Database\MySQLi\Connection.php:184
Stack trace:
#0 C:\Users\ECD-TYRONE\OneDrive\Documents\laravel\collab\baranggay\vendor\codeigniter4\framework\system\Database\MySQLi\Connection.php(184): mysqli->real_connect('localhost', 'root', Object(SensitiveParameterValue), 'baranggay', 3306, '', 0)
#1 C:\Users\ECD-TYRONE\OneDrive\Documents\laravel\collab\baranggay\vendor\codeigniter4\framework\system\Database\BaseConnection.php(392): CodeIgniter\Database\MySQLi\Connection->connect(false)
#2 C:\Users\ECD-TYRONE\OneDrive\Documents\laravel\collab\baranggay\vendor\codeigniter4\framework\system\Database\BaseConnection.php(575): CodeIgniter\Database\BaseConnection->initialize()
#3 C:\Users\ECD-TYRONE\OneDrive\Documents\laravel\collab\baranggay\vendor\codeigniter4\framework\system\Database\BaseBuilder.php(1616): CodeIgniter\Database\BaseConnection->query('SELECT *\nFROM `...', Array, false)
#4 C:\Users\ECD-TYRONE\OneDrive\Documents\laravel\collab\baranggay\vendor\codeigniter4\framework\system\Model.php(270): CodeIgniter\Database\BaseBuilder->get()
#5 C:\Users\ECD-TYRONE\OneDrive\Documents\laravel\collab\baranggay\vendor\codeigniter4\framework\system\BaseModel.php(676): CodeIgniter\Model->doFirst()
#6 C:\Users\ECD-TYRONE\OneDrive\Documents\laravel\collab\baranggay\app\Controllers\UsersControll.php(25): CodeIgniter\BaseModel->first()
#7 C:\Users\ECD-TYRONE\OneDrive\Documents\laravel\collab\baranggay\vendor\codeigniter4\framework\system\CodeIgniter.php(941): App\Controllers\UsersControll->login()
#8 C:\Users\ECD-TYRONE\OneDrive\Documents\laravel\collab\baranggay\vendor\codeigniter4\framework\system\CodeIgniter.php(502): CodeIgniter\CodeIgniter->runController(Object(App\Controllers\UsersControll))
#9 C:\Users\ECD-TYRONE\OneDrive\Documents\laravel\collab\baranggay\vendor\codeigniter4\framework\system\CodeIgniter.php(361): CodeIgniter\CodeIgniter->handleRequest(NULL, Object(Config\Cache), false)
#10 C:\Users\ECD-TYRONE\OneDrive\Documents\laravel\collab\baranggay\public\index.php(79): CodeIgniter\CodeIgniter->run()
#11 C:\Users\ECD-TYRONE\OneDrive\Documents\laravel\collab\baranggay\vendor\codeigniter4\framework\system\Commands\Server\rewrite.php(47): require_once('C:\\Users\\ECD-TY...')
#12 {main}

Next CodeIgniter\Database\Exceptions\DatabaseException: No connection could be made because the target machine actively refused it in C:\Users\ECD-TYRONE\OneDrive\Documents\laravel\collab\baranggay\vendor\codeigniter4\framework\system\Database\MySQLi\Connection.php:229
Stack trace:
#0 C:\Users\ECD-TYRONE\OneDrive\Documents\laravel\collab\baranggay\vendor\codeigniter4\framework\system\Database\BaseConnection.php(392): CodeIgniter\Database\MySQLi\Connection->connect(false)
#1 C:\Users\ECD-TYRONE\OneDrive\Documents\laravel\collab\baranggay\vendor\codeigniter4\framework\system\Database\BaseConnection.php(575): CodeIgniter\Database\BaseConnection->initialize()
#2 C:\Users\ECD-TYRONE\OneDrive\Documents\laravel\collab\baranggay\vendor\codeigniter4\framework\system\Database\BaseBuilder.php(1616): CodeIgniter\Database\BaseConnection->query('SELECT *\nFROM `...', Array, false)
#3 C:\Users\ECD-TYRONE\OneDrive\Documents\laravel\collab\baranggay\vendor\codeigniter4\framework\system\Model.php(270): CodeIgniter\Database\BaseBuilder->get()
#4 C:\Users\ECD-TYRONE\OneDrive\Documents\laravel\collab\baranggay\vendor\codeigniter4\framework\system\BaseModel.php(676): CodeIgniter\Model->doFirst()
#5 C:\Users\ECD-TYRONE\OneDrive\Documents\laravel\collab\baranggay\app\Controllers\UsersControll.php(25): CodeIgniter\BaseModel->first()
#6 C:\Users\ECD-TYRONE\OneDrive\Documents\laravel\collab\baranggay\vendor\codeigniter4\framework\system\CodeIgniter.php(941): App\Controllers\UsersControll->login()
#7 C:\Users\ECD-TYRONE\OneDrive\Documents\laravel\collab\baranggay\vendor\codeigniter4\framework\system\CodeIgniter.php(502): CodeIgniter\CodeIgniter->runController(Object(App\Controllers\UsersControll))
#8 C:\Users\ECD-TYRONE\OneDrive\Documents\laravel\collab\baranggay\vendor\codeigniter4\framework\system\CodeIgniter.php(361): CodeIgniter\CodeIgniter->handleRequest(NULL, Object(Config\Cache), false)
#9 C:\Users\ECD-TYRONE\OneDrive\Documents\laravel\collab\baranggay\public\index.php(79): CodeIgniter\CodeIgniter->run()
#10 C:\Users\ECD-TYRONE\OneDrive\Documents\laravel\collab\baranggay\vendor\codeigniter4\framework\system\Commands\Server\rewrite.php(47): require_once('C:\\Users\\ECD-TY...')
#11 {main}
ERROR - 2024-03-27 23:40:22 --> Error connecting to the database: mysqli_sql_exception: No connection could be made because the target machine actively refused it in C:\Users\ECD-TYRONE\OneDrive\Documents\laravel\collab\baranggay\vendor\codeigniter4\framework\system\Database\MySQLi\Connection.php:184
Stack trace:
#0 C:\Users\ECD-TYRONE\OneDrive\Documents\laravel\collab\baranggay\vendor\codeigniter4\framework\system\Database\MySQLi\Connection.php(184): mysqli->real_connect('localhost', 'root', Object(SensitiveParameterValue), 'baranggay', 3306, '', 0)
#1 C:\Users\ECD-TYRONE\OneDrive\Documents\laravel\collab\baranggay\vendor\codeigniter4\framework\system\Database\BaseConnection.php(392): CodeIgniter\Database\MySQLi\Connection->connect(false)
#2 C:\Users\ECD-TYRONE\OneDrive\Documents\laravel\collab\baranggay\vendor\codeigniter4\framework\system\Database\BaseConnection.php(575): CodeIgniter\Database\BaseConnection->initialize()
#3 C:\Users\ECD-TYRONE\OneDrive\Documents\laravel\collab\baranggay\vendor\codeigniter4\framework\system\Database\BaseBuilder.php(1616): CodeIgniter\Database\BaseConnection->query('SELECT *\nFROM `...', Array, false)
#4 C:\Users\ECD-TYRONE\OneDrive\Documents\laravel\collab\baranggay\vendor\codeigniter4\framework\system\Model.php(270): CodeIgniter\Database\BaseBuilder->get()
#5 C:\Users\ECD-TYRONE\OneDrive\Documents\laravel\collab\baranggay\vendor\codeigniter4\framework\system\BaseModel.php(676): CodeIgniter\Model->doFirst()
#6 C:\Users\ECD-TYRONE\OneDrive\Documents\laravel\collab\baranggay\app\Controllers\UsersControll.php(25): CodeIgniter\BaseModel->first()
#7 C:\Users\ECD-TYRONE\OneDrive\Documents\laravel\collab\baranggay\vendor\codeigniter4\framework\system\CodeIgniter.php(941): App\Controllers\UsersControll->login()
#8 C:\Users\ECD-TYRONE\OneDrive\Documents\laravel\collab\baranggay\vendor\codeigniter4\framework\system\CodeIgniter.php(502): CodeIgniter\CodeIgniter->runController(Object(App\Controllers\UsersControll))
#9 C:\Users\ECD-TYRONE\OneDrive\Documents\laravel\collab\baranggay\vendor\codeigniter4\framework\system\CodeIgniter.php(361): CodeIgniter\CodeIgniter->handleRequest(NULL, Object(Config\Cache), false)
#10 C:\Users\ECD-TYRONE\OneDrive\Documents\laravel\collab\baranggay\public\index.php(79): CodeIgniter\CodeIgniter->run()
#11 C:\Users\ECD-TYRONE\OneDrive\Documents\laravel\collab\baranggay\vendor\codeigniter4\framework\system\Commands\Server\rewrite.php(47): require_once('C:\\Users\\ECD-TY...')
#12 {main}

Next CodeIgniter\Database\Exceptions\DatabaseException: No connection could be made because the target machine actively refused it in C:\Users\ECD-TYRONE\OneDrive\Documents\laravel\collab\baranggay\vendor\codeigniter4\framework\system\Database\MySQLi\Connection.php:229
Stack trace:
#0 C:\Users\ECD-TYRONE\OneDrive\Documents\laravel\collab\baranggay\vendor\codeigniter4\framework\system\Database\BaseConnection.php(392): CodeIgniter\Database\MySQLi\Connection->connect(false)
#1 C:\Users\ECD-TYRONE\OneDrive\Documents\laravel\collab\baranggay\vendor\codeigniter4\framework\system\Database\BaseConnection.php(575): CodeIgniter\Database\BaseConnection->initialize()
#2 C:\Users\ECD-TYRONE\OneDrive\Documents\laravel\collab\baranggay\vendor\codeigniter4\framework\system\Database\BaseBuilder.php(1616): CodeIgniter\Database\BaseConnection->query('SELECT *\nFROM `...', Array, false)
#3 C:\Users\ECD-TYRONE\OneDrive\Documents\laravel\collab\baranggay\vendor\codeigniter4\framework\system\Model.php(270): CodeIgniter\Database\BaseBuilder->get()
#4 C:\Users\ECD-TYRONE\OneDrive\Documents\laravel\collab\baranggay\vendor\codeigniter4\framework\system\BaseModel.php(676): CodeIgniter\Model->doFirst()
#5 C:\Users\ECD-TYRONE\OneDrive\Documents\laravel\collab\baranggay\app\Controllers\UsersControll.php(25): CodeIgniter\BaseModel->first()
#6 C:\Users\ECD-TYRONE\OneDrive\Documents\laravel\collab\baranggay\vendor\codeigniter4\framework\system\CodeIgniter.php(941): App\Controllers\UsersControll->login()
#7 C:\Users\ECD-TYRONE\OneDrive\Documents\laravel\collab\baranggay\vendor\codeigniter4\framework\system\CodeIgniter.php(502): CodeIgniter\CodeIgniter->runController(Object(App\Controllers\UsersControll))
#8 C:\Users\ECD-TYRONE\OneDrive\Documents\laravel\collab\baranggay\vendor\codeigniter4\framework\system\CodeIgniter.php(361): CodeIgniter\CodeIgniter->handleRequest(NULL, Object(Config\Cache), false)
#9 C:\Users\ECD-TYRONE\OneDrive\Documents\laravel\collab\baranggay\public\index.php(79): CodeIgniter\CodeIgniter->run()
#10 C:\Users\ECD-TYRONE\OneDrive\Documents\laravel\collab\baranggay\vendor\codeigniter4\framework\system\Commands\Server\rewrite.php(47): require_once('C:\\Users\\ECD-TY...')
#11 {main}
