CRITICAL - 2024-03-25 13:33:04 --> CodeIgniter\View\Exceptions\ViewException: Invalid file: "partials.main"
in SYSTEMPATH\Exceptions\FrameworkException.php on line 39.
 1 SYSTEMPATH\View\View.php(216): CodeIgniter\Exceptions\FrameworkException::forInvalidFile('partials.main')
 2 SYSTEMPATH\Common.php(1178): CodeIgniter\View\View->render('partials.main', [], true)
 3 APPPATH\Config\Routes.php(13): view('partials.main')
 4 SYSTEMPATH\CodeIgniter.php(890): CodeIgniter\Router\RouteCollection->{closure}()
 5 SYSTEMPATH\CodeIgniter.php(489): CodeIgniter\CodeIgniter->startController()
 6 SYSTEMPATH\CodeIgniter.php(361): CodeIgniter\CodeIgniter->handleRequest(null, Object(Config\Cache), false)
 7 FCPATH\index.php(79): CodeIgniter\CodeIgniter->run()
 8 SYSTEMPATH\Commands\Server\rewrite.php(47): require_once('C:\\Users\\ECD-TYRONE\\OneDrive\\Documents\\laravel\\collab\\baranggay\\public\\index.php')
CRITICAL - 2024-03-25 13:33:04 --> CodeIgniter\View\Exceptions\ViewException: Invalid file: "partials.main"
in SYSTEMPATH\Exceptions\FrameworkException.php on line 39.
 1 SYSTEMPATH\View\View.php(216): CodeIgniter\Exceptions\FrameworkException::forInvalidFile('partials.main')
 2 SYSTEMPATH\Common.php(1178): CodeIgniter\View\View->render('partials.main', [], true)
 3 APPPATH\Config\Routes.php(13): view('partials.main')
 4 SYSTEMPATH\CodeIgniter.php(890): CodeIgniter\Router\RouteCollection->{closure}()
 5 SYSTEMPATH\CodeIgniter.php(489): CodeIgniter\CodeIgniter->startController()
 6 SYSTEMPATH\CodeIgniter.php(361): CodeIgniter\CodeIgniter->handleRequest(null, Object(Config\Cache), false)
 7 FCPATH\index.php(79): CodeIgniter\CodeIgniter->run()
 8 SYSTEMPATH\Commands\Server\rewrite.php(47): require_once('C:\\Users\\ECD-TYRONE\\OneDrive\\Documents\\laravel\\collab\\baranggay\\public\\index.php')
CRITICAL - 2024-03-25 13:33:30 --> CodeIgniter\View\Exceptions\ViewException: Invalid file: "partials.main"
in SYSTEMPATH\Exceptions\FrameworkException.php on line 39.
 1 SYSTEMPATH\View\View.php(216): CodeIgniter\Exceptions\FrameworkException::forInvalidFile('partials.main')
 2 SYSTEMPATH\Common.php(1178): CodeIgniter\View\View->render('partials.main', [], true)
 3 APPPATH\Config\Routes.php(13): view('partials.main')
 4 SYSTEMPATH\CodeIgniter.php(890): CodeIgniter\Router\RouteCollection->{closure}()
 5 SYSTEMPATH\CodeIgniter.php(489): CodeIgniter\CodeIgniter->startController()
 6 SYSTEMPATH\CodeIgniter.php(361): CodeIgniter\CodeIgniter->handleRequest(null, Object(Config\Cache), false)
 7 FCPATH\index.php(79): CodeIgniter\CodeIgniter->run()
 8 SYSTEMPATH\Commands\Server\rewrite.php(47): require_once('C:\\Users\\ECD-TYRONE\\OneDrive\\Documents\\laravel\\collab\\baranggay\\public\\index.php')
CRITICAL - 2024-03-25 13:34:13 --> CodeIgniter\View\Exceptions\ViewException: Invalid file: "partials.main"
in SYSTEMPATH\Exceptions\FrameworkException.php on line 39.
 1 SYSTEMPATH\View\View.php(216): CodeIgniter\Exceptions\FrameworkException::forInvalidFile('partials.main')
 2 SYSTEMPATH\Common.php(1178): CodeIgniter\View\View->render('partials.main', [], true)
 3 APPPATH\Config\Routes.php(13): view('partials.main')
 4 SYSTEMPATH\CodeIgniter.php(890): CodeIgniter\Router\RouteCollection->{closure}()
 5 SYSTEMPATH\CodeIgniter.php(489): CodeIgniter\CodeIgniter->startController()
 6 SYSTEMPATH\CodeIgniter.php(361): CodeIgniter\CodeIgniter->handleRequest(null, Object(Config\Cache), false)
 7 FCPATH\index.php(79): CodeIgniter\CodeIgniter->run()
 8 SYSTEMPATH\Commands\Server\rewrite.php(47): require_once('C:\\Users\\ECD-TYRONE\\OneDrive\\Documents\\laravel\\collab\\baranggay\\public\\index.php')
CRITICAL - 2024-03-25 13:34:52 --> CodeIgniter\View\Exceptions\ViewException: Invalid file: "partials.main.php"
in SYSTEMPATH\Exceptions\FrameworkException.php on line 39.
 1 SYSTEMPATH\View\View.php(216): CodeIgniter\Exceptions\FrameworkException::forInvalidFile('partials.main.php')
 2 SYSTEMPATH\Common.php(1178): CodeIgniter\View\View->render('partials.main.php', [], true)
 3 APPPATH\Config\Routes.php(13): view('partials.main.php')
 4 SYSTEMPATH\CodeIgniter.php(890): CodeIgniter\Router\RouteCollection->{closure}()
 5 SYSTEMPATH\CodeIgniter.php(489): CodeIgniter\CodeIgniter->startController()
 6 SYSTEMPATH\CodeIgniter.php(361): CodeIgniter\CodeIgniter->handleRequest(null, Object(Config\Cache), false)
 7 FCPATH\index.php(79): CodeIgniter\CodeIgniter->run()
 8 SYSTEMPATH\Commands\Server\rewrite.php(47): require_once('C:\\Users\\ECD-TYRONE\\OneDrive\\Documents\\laravel\\collab\\baranggay\\public\\index.php')
CRITICAL - 2024-03-25 13:43:38 --> Error: Call to undefined method CodeIgniter\View\View::extends()
in APPPATH\Views\admin\records.php on line 1.
 1 SYSTEMPATH\View\View.php(228): include()
 2 SYSTEMPATH\View\View.php(231): CodeIgniter\View\View->CodeIgniter\View\{closure}()
 3 SYSTEMPATH\Common.php(1178): CodeIgniter\View\View->render('admin/records', [], true)
 4 APPPATH\Config\Routes.php(13): view('admin/records')
 5 SYSTEMPATH\CodeIgniter.php(890): CodeIgniter\Router\RouteCollection->{closure}()
 6 SYSTEMPATH\CodeIgniter.php(489): CodeIgniter\CodeIgniter->startController()
 7 SYSTEMPATH\CodeIgniter.php(361): CodeIgniter\CodeIgniter->handleRequest(null, Object(Config\Cache), false)
 8 FCPATH\index.php(79): CodeIgniter\CodeIgniter->run()
 9 SYSTEMPATH\Commands\Server\rewrite.php(47): require_once('C:\\Users\\ECD-TYRONE\\OneDrive\\Documents\\laravel\\collab\\baranggay\\public\\index.php')
CRITICAL - 2024-03-25 13:43:57 --> Error: Call to undefined method CodeIgniter\View\View::extends()
in APPPATH\Views\admin\records.php on line 1.
 1 SYSTEMPATH\View\View.php(228): include()
 2 SYSTEMPATH\View\View.php(231): CodeIgniter\View\View->CodeIgniter\View\{closure}()
 3 SYSTEMPATH\Common.php(1178): CodeIgniter\View\View->render('admin/records', [], true)
 4 APPPATH\Config\Routes.php(13): view('admin/records')
 5 SYSTEMPATH\CodeIgniter.php(890): CodeIgniter\Router\RouteCollection->{closure}()
 6 SYSTEMPATH\CodeIgniter.php(489): CodeIgniter\CodeIgniter->startController()
 7 SYSTEMPATH\CodeIgniter.php(361): CodeIgniter\CodeIgniter->handleRequest(null, Object(Config\Cache), false)
 8 FCPATH\index.php(79): CodeIgniter\CodeIgniter->run()
 9 SYSTEMPATH\Commands\Server\rewrite.php(47): require_once('C:\\Users\\ECD-TYRONE\\OneDrive\\Documents\\laravel\\collab\\baranggay\\public\\index.php')
CRITICAL - 2024-03-25 13:43:59 --> Error: Call to undefined method CodeIgniter\View\View::extends()
in APPPATH\Views\admin\records.php on line 1.
 1 SYSTEMPATH\View\View.php(228): include()
 2 SYSTEMPATH\View\View.php(231): CodeIgniter\View\View->CodeIgniter\View\{closure}()
 3 SYSTEMPATH\Common.php(1178): CodeIgniter\View\View->render('admin/records', [], true)
 4 APPPATH\Config\Routes.php(13): view('admin/records')
 5 SYSTEMPATH\CodeIgniter.php(890): CodeIgniter\Router\RouteCollection->{closure}()
 6 SYSTEMPATH\CodeIgniter.php(489): CodeIgniter\CodeIgniter->startController()
 7 SYSTEMPATH\CodeIgniter.php(361): CodeIgniter\CodeIgniter->handleRequest(null, Object(Config\Cache), false)
 8 FCPATH\index.php(79): CodeIgniter\CodeIgniter->run()
 9 SYSTEMPATH\Commands\Server\rewrite.php(47): require_once('C:\\Users\\ECD-TYRONE\\OneDrive\\Documents\\laravel\\collab\\baranggay\\public\\index.php')
ERROR - 2024-03-25 14:13:53 --> mysqli_sql_exception: No database selected in C:\Users\ECD-TYRONE\OneDrive\Documents\laravel\collab\baranggay\vendor\codeigniter4\framework\system\Database\MySQLi\Connection.php:306
Stack trace:
#0 C:\Users\ECD-TYRONE\OneDrive\Documents\laravel\collab\baranggay\vendor\codeigniter4\framework\system\Database\MySQLi\Connection.php(306): mysqli->query('INSERT INTO `me...', 0)
#1 C:\Users\ECD-TYRONE\OneDrive\Documents\laravel\collab\baranggay\vendor\codeigniter4\framework\system\Database\BaseConnection.php(693): CodeIgniter\Database\MySQLi\Connection->execute('INSERT INTO `me...')
#2 C:\Users\ECD-TYRONE\OneDrive\Documents\laravel\collab\baranggay\vendor\codeigniter4\framework\system\Database\BaseConnection.php(607): CodeIgniter\Database\BaseConnection->simpleQuery('INSERT INTO `me...')
#3 C:\Users\ECD-TYRONE\OneDrive\Documents\laravel\collab\baranggay\vendor\codeigniter4\framework\system\Database\BaseBuilder.php(2307): CodeIgniter\Database\BaseConnection->query('INSERT INTO `me...', Array, false)
#4 C:\Users\ECD-TYRONE\OneDrive\Documents\laravel\collab\baranggay\vendor\codeigniter4\framework\system\Model.php(326): CodeIgniter\Database\BaseBuilder->insert()
#5 C:\Users\ECD-TYRONE\OneDrive\Documents\laravel\collab\baranggay\vendor\codeigniter4\framework\system\BaseModel.php(802): CodeIgniter\Model->doInsert(Array)
#6 C:\Users\ECD-TYRONE\OneDrive\Documents\laravel\collab\baranggay\vendor\codeigniter4\framework\system\Model.php(744): CodeIgniter\BaseModel->insert(Array, true)
#7 C:\Users\ECD-TYRONE\OneDrive\Documents\laravel\collab\baranggay\app\Controllers\MemberControll.php(29): CodeIgniter\Model->insert(Array)
#8 C:\Users\ECD-TYRONE\OneDrive\Documents\laravel\collab\baranggay\vendor\codeigniter4\framework\system\CodeIgniter.php(941): App\Controllers\MemberControll->addMember()
#9 C:\Users\ECD-TYRONE\OneDrive\Documents\laravel\collab\baranggay\vendor\codeigniter4\framework\system\CodeIgniter.php(502): CodeIgniter\CodeIgniter->runController(Object(App\Controllers\MemberControll))
#10 C:\Users\ECD-TYRONE\OneDrive\Documents\laravel\collab\baranggay\vendor\codeigniter4\framework\system\CodeIgniter.php(361): CodeIgniter\CodeIgniter->handleRequest(NULL, Object(Config\Cache), false)
#11 C:\Users\ECD-TYRONE\OneDrive\Documents\laravel\collab\baranggay\public\index.php(79): CodeIgniter\CodeIgniter->run()
#12 C:\Users\ECD-TYRONE\OneDrive\Documents\laravel\collab\baranggay\vendor\codeigniter4\framework\system\Commands\Server\rewrite.php(47): require_once('C:\\Users\\ECD-TY...')
#13 {main}
