CRITICAL - 2024-03-29 00:23:56 --> ErrorException: Attempt to read property "aa" on array
in APPPATH\Views\admin\records.php on line 62.
 1 APPPATH\Views\admin\records.php(62): CodeIgniter\Debug\Exceptions->errorHandler(2, 'Attempt to read property "aa" on array', 'C:\\Users\\ECD-TYRONE\\OneDrive\\Documents\\laravel\\collab\\baranggay\\app\\Views\\admin\\records.php', 62)
 2 SYSTEMPATH\View\View.php(228): include('C:\\Users\\ECD-TYRONE\\OneDrive\\Documents\\laravel\\collab\\baranggay\\app\\Views\\admin\\records.php')
 3 SYSTEMPATH\View\View.php(231): CodeIgniter\View\View->CodeIgniter\View\{closure}()
 4 SYSTEMPATH\Common.php(1178): CodeIgniter\View\View->render('/admin/records', [], true)
 5 APPPATH\Config\Routes.php(32): view('/admin/records')
 6 SYSTEMPATH\CodeIgniter.php(890): CodeIgniter\Router\RouteCollection->{closure}()
 7 SYSTEMPATH\CodeIgniter.php(489): CodeIgniter\CodeIgniter->startController()
 8 SYSTEMPATH\CodeIgniter.php(361): CodeIgniter\CodeIgniter->handleRequest(null, Object(Config\Cache), false)
 9 FCPATH\index.php(79): CodeIgniter\CodeIgniter->run()
10 SYSTEMPATH\Commands\Server\rewrite.php(47): require_once('C:\\Users\\ECD-TYRONE\\OneDrive\\Documents\\laravel\\collab\\baranggay\\public\\index.php')
CRITICAL - 2024-03-29 00:24:35 --> ErrorException: Attempt to read property "a" on array
in APPPATH\Views\admin\records.php on line 62.
 1 APPPATH\Views\admin\records.php(62): CodeIgniter\Debug\Exceptions->errorHandler(2, 'Attempt to read property "a" on array', 'C:\\Users\\ECD-TYRONE\\OneDrive\\Documents\\laravel\\collab\\baranggay\\app\\Views\\admin\\records.php', 62)
 2 SYSTEMPATH\View\View.php(228): include('C:\\Users\\ECD-TYRONE\\OneDrive\\Documents\\laravel\\collab\\baranggay\\app\\Views\\admin\\records.php')
 3 SYSTEMPATH\View\View.php(231): CodeIgniter\View\View->CodeIgniter\View\{closure}()
 4 SYSTEMPATH\Common.php(1178): CodeIgniter\View\View->render('/admin/records', [], true)
 5 APPPATH\Config\Routes.php(32): view('/admin/records')
 6 SYSTEMPATH\CodeIgniter.php(890): CodeIgniter\Router\RouteCollection->{closure}()
 7 SYSTEMPATH\CodeIgniter.php(489): CodeIgniter\CodeIgniter->startController()
 8 SYSTEMPATH\CodeIgniter.php(361): CodeIgniter\CodeIgniter->handleRequest(null, Object(Config\Cache), false)
 9 FCPATH\index.php(79): CodeIgniter\CodeIgniter->run()
10 SYSTEMPATH\Commands\Server\rewrite.php(47): require_once('C:\\Users\\ECD-TYRONE\\OneDrive\\Documents\\laravel\\collab\\baranggay\\public\\index.php')
CRITICAL - 2024-03-29 00:26:52 --> ErrorException: Undefined variable $msg
in APPPATH\Views\admin\records.php on line 62.
 1 APPPATH\Views\admin\records.php(62): CodeIgniter\Debug\Exceptions->errorHandler(2, 'Undefined variable $msg', 'C:\\Users\\ECD-TYRONE\\OneDrive\\Documents\\laravel\\collab\\baranggay\\app\\Views\\admin\\records.php', 62)
 2 SYSTEMPATH\View\View.php(228): include('C:\\Users\\ECD-TYRONE\\OneDrive\\Documents\\laravel\\collab\\baranggay\\app\\Views\\admin\\records.php')
 3 SYSTEMPATH\View\View.php(231): CodeIgniter\View\View->CodeIgniter\View\{closure}()
 4 SYSTEMPATH\Common.php(1178): CodeIgniter\View\View->render('/admin/records', [], true)
 5 APPPATH\Config\Routes.php(32): view('/admin/records')
 6 SYSTEMPATH\CodeIgniter.php(890): CodeIgniter\Router\RouteCollection->{closure}()
 7 SYSTEMPATH\CodeIgniter.php(489): CodeIgniter\CodeIgniter->startController()
 8 SYSTEMPATH\CodeIgniter.php(361): CodeIgniter\CodeIgniter->handleRequest(null, Object(Config\Cache), false)
 9 FCPATH\index.php(79): CodeIgniter\CodeIgniter->run()
10 SYSTEMPATH\Commands\Server\rewrite.php(47): require_once('C:\\Users\\ECD-TYRONE\\OneDrive\\Documents\\laravel\\collab\\baranggay\\public\\index.php')
CRITICAL - 2024-03-29 00:27:03 --> ErrorException: Undefined variable $msg
in APPPATH\Views\admin\records.php on line 62.
 1 APPPATH\Views\admin\records.php(62): CodeIgniter\Debug\Exceptions->errorHandler(2, 'Undefined variable $msg', 'C:\\Users\\ECD-TYRONE\\OneDrive\\Documents\\laravel\\collab\\baranggay\\app\\Views\\admin\\records.php', 62)
 2 SYSTEMPATH\View\View.php(228): include('C:\\Users\\ECD-TYRONE\\OneDrive\\Documents\\laravel\\collab\\baranggay\\app\\Views\\admin\\records.php')
 3 SYSTEMPATH\View\View.php(231): CodeIgniter\View\View->CodeIgniter\View\{closure}()
 4 SYSTEMPATH\Common.php(1178): CodeIgniter\View\View->render('/admin/records', [], true)
 5 APPPATH\Config\Routes.php(32): view('/admin/records')
 6 SYSTEMPATH\CodeIgniter.php(890): CodeIgniter\Router\RouteCollection->{closure}()
 7 SYSTEMPATH\CodeIgniter.php(489): CodeIgniter\CodeIgniter->startController()
 8 SYSTEMPATH\CodeIgniter.php(361): CodeIgniter\CodeIgniter->handleRequest(null, Object(Config\Cache), false)
 9 FCPATH\index.php(79): CodeIgniter\CodeIgniter->run()
10 SYSTEMPATH\Commands\Server\rewrite.php(47): require_once('C:\\Users\\ECD-TYRONE\\OneDrive\\Documents\\laravel\\collab\\baranggay\\public\\index.php')
